[32m[INFO ][m [35m[2024-10-01T14:39:18,912] [main] [PullPolicy][m Image pull policy will be performed by: DefaultPullPolicy() 
[32m[INFO ][m [35m[2024-10-01T14:39:18,921] [main] [ImageNameSubstitutor][m Image name substitution will be performed by: DefaultImageNameSubstitutor (composite of 'ConfigurationFileImageNameSubstitutor' and 'PrefixingImageNameSubstitutor') 
[32m[INFO ][m [35m[2024-10-01T14:39:19,227] [main] [AnnotationConfigContextLoaderUtils][m Could not detect default configuration classes for test class [br.com.gubee.interview.core.features.hero.HeroRepositoryTest]: HeroRepositoryTest does not declare any static, non-private, non-final, nested classes annotated with @Configuration. 
[32m[INFO ][m [35m[2024-10-01T14:39:19,350] [main] [SpringBootTestContextBootstrapper][m Found @SpringBootConfiguration br.com.gubee.interview.core.Application for test class br.com.gubee.interview.core.features.hero.HeroRepositoryTest 
[33m[WARN ][m [35m[2024-10-01T14:39:19,590] [main] [DockerClientProviderStrategy][m DOCKER_HOST unix:///var/run/docker.sock is not listening 
[32m[INFO ][m [35m[2024-10-01T14:39:19,851] [main] [DockerClientProviderStrategy][m Found Docker environment with Docker accessed via Unix socket (/home/guilhermehermes/.docker/desktop/docker.sock) 
[32m[INFO ][m [35m[2024-10-01T14:39:19,852] [main] [DockerClientFactory][m Docker host IP address is localhost 
[32m[INFO ][m [35m[2024-10-01T14:39:19,869] [main] [DockerClientFactory][m Connected to docker: 
  Server Version: 27.1.1
  API Version: 1.46
  Operating System: Docker Desktop
  Total Memory: 7615 MB 
[32m[INFO ][m [35m[2024-10-01T14:39:19,887] [main] [0][m Creating container for image: testcontainers/ryuk:0.7.0 
[32m[INFO ][m [35m[2024-10-01T14:39:19,915] [main] [RegistryAuthLocator][m Credential helper/store (docker-credential-desktop) does not have credentials for https://index.docker.io/v1/ 
[32m[INFO ][m [35m[2024-10-01T14:39:20,026] [main] [0][m Container testcontainers/ryuk:0.7.0 is starting: 431fba91640fa18b22e59b7622f265a80034f3d219f4798bfe06840773f94410 
[32m[INFO ][m [35m[2024-10-01T14:39:20,361] [main] [0][m Container testcontainers/ryuk:0.7.0 started in PT0.473853843S 
[32m[INFO ][m [35m[2024-10-01T14:39:20,366] [main] [RyukResourceReaper][m Ryuk started - will monitor and terminate Testcontainers containers on JVM exit 
[32m[INFO ][m [35m[2024-10-01T14:39:20,366] [main] [DockerClientFactory][m Checking the system... 
[32m[INFO ][m [35m[2024-10-01T14:39:20,367] [main] [DockerClientFactory][m ✔︎ Docker server version should be at least 1.6.0 
[32m[INFO ][m [35m[2024-10-01T14:39:20,379] [main] [0][m Pulling docker image: mongo:7.0. Please be patient; this may take some time but only needs to be done once. 
[32m[INFO ][m [35m[2024-10-01T14:39:23,061] [docker-java-stream-27362787] [0][m Starting to pull image 
[32m[INFO ][m [35m[2024-10-01T14:39:23,076] [docker-java-stream-27362787] [0][m Pulling image layers:  0 pending,  0 downloaded,  0 extracted, (0 bytes/0 bytes) 
[32m[INFO ][m [35m[2024-10-01T14:39:24,661] [docker-java-stream-27362787] [0][m Pulling image layers:  7 pending,  1 downloaded,  0 extracted, (1 KB/? MB) 
[32m[INFO ][m [35m[2024-10-01T14:39:26,315] [docker-java-stream-27362787] [0][m Pulling image layers:  6 pending,  2 downloaded,  0 extracted, (3 MB/? MB) 
[32m[INFO ][m [35m[2024-10-01T14:39:28,541] [docker-java-stream-27362787] [0][m Pulling image layers:  5 pending,  3 downloaded,  0 extracted, (5 MB/? MB) 
[32m[INFO ][m [35m[2024-10-01T14:39:31,749] [docker-java-stream-27362787] [0][m Pulling image layers:  4 pending,  4 downloaded,  0 extracted, (9 MB/? MB) 
[32m[INFO ][m [35m[2024-10-01T14:39:32,169] [docker-java-stream-27362787] [0][m Pulling image layers:  3 pending,  5 downloaded,  0 extracted, (9 MB/? MB) 
[32m[INFO ][m [35m[2024-10-01T14:39:33,029] [docker-java-stream-27362787] [0][m Pulling image layers:  2 pending,  6 downloaded,  0 extracted, (11 MB/? MB) 
[32m[INFO ][m [35m[2024-10-01T14:39:52,849] [docker-java-stream-27362787] [0][m Pulling image layers:  1 pending,  7 downloaded,  0 extracted, (54 MB/? MB) 
[32m[INFO ][m [35m[2024-10-01T14:39:53,688] [docker-java-stream-27362787] [0][m Pulling image layers:  1 pending,  7 downloaded,  1 extracted, (54 MB/? MB) 
[32m[INFO ][m [35m[2024-10-01T14:39:53,743] [docker-java-stream-27362787] [0][m Pulling image layers:  1 pending,  7 downloaded,  2 extracted, (54 MB/? MB) 
[32m[INFO ][m [35m[2024-10-01T14:39:53,860] [docker-java-stream-27362787] [0][m Pulling image layers:  1 pending,  7 downloaded,  3 extracted, (54 MB/? MB) 
[32m[INFO ][m [35m[2024-10-01T14:39:53,905] [docker-java-stream-27362787] [0][m Pulling image layers:  1 pending,  7 downloaded,  4 extracted, (54 MB/? MB) 
[32m[INFO ][m [35m[2024-10-01T14:39:53,935] [docker-java-stream-27362787] [0][m Pulling image layers:  1 pending,  7 downloaded,  5 extracted, (54 MB/? MB) 
[32m[INFO ][m [35m[2024-10-01T14:39:53,969] [docker-java-stream-27362787] [0][m Pulling image layers:  1 pending,  7 downloaded,  6 extracted, (54 MB/? MB) 
[32m[INFO ][m [35m[2024-10-01T14:42:12,530] [docker-java-stream-27362787] [0][m Pulling image layers:  0 pending,  8 downloaded,  6 extracted, (245 MB/246 MB) 
[32m[INFO ][m [35m[2024-10-01T14:42:16,126] [docker-java-stream-27362787] [0][m Pulling image layers:  0 pending,  8 downloaded,  7 extracted, (246 MB/246 MB) 
[32m[INFO ][m [35m[2024-10-01T14:42:16,159] [docker-java-stream-27362787] [0][m Pulling image layers:  0 pending,  8 downloaded,  8 extracted, (246 MB/246 MB) 
[32m[INFO ][m [35m[2024-10-01T14:42:16,189] [docker-java-stream-27362787] [0][m Pull complete. 8 layers, pulled in 173s (downloaded 246 MB at 1 MB/s) 
[32m[INFO ][m [35m[2024-10-01T14:42:16,190] [main] [0][m Image mongo:7.0 pull took PT2M55.810710969S 
[32m[INFO ][m [35m[2024-10-01T14:42:16,200] [main] [0][m Creating container for image: mongo:7.0 
[32m[INFO ][m [35m[2024-10-01T14:42:17,068] [main] [0][m Container mongo:7.0 is starting: a1b20d1f7c052766aeac098a6507407ca346fc3496e15ae27980a47097a98aaf 
[32m[INFO ][m [35m[2024-10-01T14:42:17,821] [main] [0][m Container mongo:7.0 started in PT1.621822502S 
[32m[INFO ][m [35m[2024-10-01T14:42:20,473] [background-preinit] [Version][m HV000001: Hibernate Validator 8.0.0.Final 
[32m[INFO ][m [35m[2024-10-01T14:42:20,512] [main] [HeroRepositoryTest][m Starting HeroRepositoryTest using Java 21.0.4 with PID 87834 (started by guilhermehermes in /home/guilhermehermes/Documentos/GitHub/teste-gubee-main/core) 
[32m[INFO ][m [35m[2024-10-01T14:42:20,515] [main] [HeroRepositoryTest][m No active profile set, falling back to 1 default profile: "default" 
[32m[INFO ][m [35m[2024-10-01T14:42:20,771] [main] [RepositoryConfigurationDelegate][m Bootstrapping Spring Data MongoDB repositories in DEFAULT mode. 
[32m[INFO ][m [35m[2024-10-01T14:42:20,832] [main] [RepositoryConfigurationDelegate][m Finished Spring Data repository scanning in 55 ms. Found 1 MongoDB repository interfaces. 
[32m[INFO ][m [35m[2024-10-01T14:42:21,160] [main] [client][m MongoClient with metadata {"driver": {"name": "mongo-java-driver|sync|spring-boot", "version": "4.9.1"}, "os": {"type": "Linux", "name": "Linux", "architecture": "amd64", "version": "6.9.3-76060903-generic"}, "platform": "Java/Amazon.com Inc./21.0.4+7-LTS"} created with settings MongoClientSettings{readPreference=primary, writeConcern=WriteConcern{w=null, wTimeout=null ms, journal=null}, retryWrites=true, retryReads=true, readConcern=ReadConcern{level=null}, credential=null, streamFactoryFactory=null, commandListeners=[], codecRegistry=ProvidersCodecRegistry{codecProviders=[ValueCodecProvider{}, BsonValueCodecProvider{}, DBRefCodecProvider{}, DBObjectCodecProvider{}, DocumentCodecProvider{}, CollectionCodecProvider{}, IterableCodecProvider{}, MapCodecProvider{}, GeoJsonCodecProvider{}, GridFSFileCodecProvider{}, Jsr310CodecProvider{}, JsonObjectCodecProvider{}, BsonCodecProvider{}, EnumCodecProvider{}, com.mongodb.client.model.mql.ExpressionCodecProvider@352f6727, com.mongodb.Jep395RecordCodecProvider@2ab9e43e]}, loggerSettings=LoggerSettings{maxDocumentLength=1000}, clusterSettings={hosts=[localhost:27017], srvServiceName=mongodb, mode=SINGLE, requiredClusterType=UNKNOWN, requiredReplicaSetName='null', serverSelector='null', clusterListeners='[]', serverSelectionTimeout='30000 ms', localThreshold='30000 ms'}, socketSettings=SocketSettings{connectTimeoutMS=10000, readTimeoutMS=0, receiveBufferSize=0, sendBufferSize=0}, heartbeatSocketSettings=SocketSettings{connectTimeoutMS=10000, readTimeoutMS=10000, receiveBufferSize=0, sendBufferSize=0}, connectionPoolSettings=ConnectionPoolSettings{maxSize=100, minSize=0, maxWaitTimeMS=120000, maxConnectionLifeTimeMS=0, maxConnectionIdleTimeMS=0, maintenanceInitialDelayMS=0, maintenanceFrequencyMS=60000, connectionPoolListeners=[], maxConnecting=2}, serverSettings=ServerSettings{heartbeatFrequencyMS=10000, minHeartbeatFrequencyMS=500, serverListeners='[]', serverMonitorListeners='[]'}, sslSettings=SslSettings{enabled=false, invalidHostNameAllowed=false, context=null}, applicationName='null', compressorList=[], uuidRepresentation=JAVA_LEGACY, serverApi=null, autoEncryptionSettings=null, contextProvider=null} 
[32m[INFO ][m [35m[2024-10-01T14:42:21,178] [cluster-ClusterId{value='66fc347d0d9d7a6928548ec9', description='null'}-localhost:27017] [cluster][m Monitor thread successfully connected to server with description ServerDescription{address=localhost:27017, type=STANDALONE, state=CONNECTED, ok=true, minWireVersion=0, maxWireVersion=25, maxDocumentSize=16777216, logicalSessionTimeoutMinutes=30, roundTripTimeNanos=25578160} 
[32m[INFO ][m [35m[2024-10-01T14:42:21,549] [main] [HeroRepositoryTest][m Started HeroRepositoryTest in 2.234 seconds (process running for 184.454) 
