[32m[INFO ][m [35m[2024-10-24T10:27:47,561] [background-preinit] [Version][m HV000001: Hibernate Validator 8.0.0.Final 
[32m[INFO ][m [35m[2024-10-24T10:27:47,597] [main] [Application][m Starting Application using Java 21.0.4 with PID 127194 (/home/guilhermehermes/Documentos/GitHub/CleanHeroAPI/core/target/classes started by guilhermehermes in /home/guilhermehermes/Documentos/GitHub/CleanHeroAPI) 
[32m[INFO ][m [35m[2024-10-24T10:27:47,601] [main] [Application][m No active profile set, falling back to 1 default profile: "default" 
[32m[INFO ][m [35m[2024-10-24T10:27:48,000] [main] [RepositoryConfigurationDelegate][m Bootstrapping Spring Data MongoDB repositories in DEFAULT mode. 
[32m[INFO ][m [35m[2024-10-24T10:27:48,051] [main] [RepositoryConfigurationDelegate][m Finished Spring Data repository scanning in 44 ms. Found 1 MongoDB repository interfaces. 
[32m[INFO ][m [35m[2024-10-24T10:27:48,715] [main] [TomcatWebServer][m Tomcat initialized with port(s): 8080 (http) 
[32m[INFO ][m [35m[2024-10-24T10:27:48,726] [main] [Http11NioProtocol][m The ["http-nio-8080"] connector has been configured to support HTTP upgrade to [h2c] 
[32m[INFO ][m [35m[2024-10-24T10:27:48,727] [main] [Http11NioProtocol][m Initializing ProtocolHandler ["http-nio-8080"] 
[32m[INFO ][m [35m[2024-10-24T10:27:48,728] [main] [StandardService][m Starting service [Tomcat] 
[32m[INFO ][m [35m[2024-10-24T10:27:48,728] [main] [StandardEngine][m Starting Servlet engine: [Apache Tomcat/10.1.8] 
[32m[INFO ][m [35m[2024-10-24T10:27:48,805] [main] [[/]][m Initializing Spring embedded WebApplicationContext 
[32m[INFO ][m [35m[2024-10-24T10:27:48,806] [main] [ServletWebServerApplicationContext][m Root WebApplicationContext: initialization completed in 1164 ms 
[32m[INFO ][m [35m[2024-10-24T10:27:49,011] [main] [client][m MongoClient with metadata {"driver": {"name": "mongo-java-driver|sync|spring-boot", "version": "4.9.1"}, "os": {"type": "Linux", "name": "Linux", "architecture": "amd64", "version": "6.9.3-76060903-generic"}, "platform": "Java/Amazon.com Inc./21.0.4+7-LTS"} created with settings MongoClientSettings{readPreference=primary, writeConcern=WriteConcern{w=null, wTimeout=null ms, journal=null}, retryWrites=true, retryReads=true, readConcern=ReadConcern{level=null}, credential=null, streamFactoryFactory=null, commandListeners=[], codecRegistry=ProvidersCodecRegistry{codecProviders=[ValueCodecProvider{}, BsonValueCodecProvider{}, DBRefCodecProvider{}, DBObjectCodecProvider{}, DocumentCodecProvider{}, CollectionCodecProvider{}, IterableCodecProvider{}, MapCodecProvider{}, GeoJsonCodecProvider{}, GridFSFileCodecProvider{}, Jsr310CodecProvider{}, JsonObjectCodecProvider{}, BsonCodecProvider{}, EnumCodecProvider{}, com.mongodb.client.model.mql.ExpressionCodecProvider@1291aab5, com.mongodb.Jep395RecordCodecProvider@7d133fb7]}, loggerSettings=LoggerSettings{maxDocumentLength=1000}, clusterSettings={hosts=[localhost:27017], srvServiceName=mongodb, mode=SINGLE, requiredClusterType=UNKNOWN, requiredReplicaSetName='null', serverSelector='null', clusterListeners='[]', serverSelectionTimeout='30000 ms', localThreshold='30000 ms'}, socketSettings=SocketSettings{connectTimeoutMS=10000, readTimeoutMS=0, receiveBufferSize=0, sendBufferSize=0}, heartbeatSocketSettings=SocketSettings{connectTimeoutMS=10000, readTimeoutMS=10000, receiveBufferSize=0, sendBufferSize=0}, connectionPoolSettings=ConnectionPoolSettings{maxSize=100, minSize=0, maxWaitTimeMS=120000, maxConnectionLifeTimeMS=0, maxConnectionIdleTimeMS=0, maintenanceInitialDelayMS=0, maintenanceFrequencyMS=60000, connectionPoolListeners=[], maxConnecting=2}, serverSettings=ServerSettings{heartbeatFrequencyMS=10000, minHeartbeatFrequencyMS=500, serverListeners='[]', serverMonitorListeners='[]'}, sslSettings=SslSettings{enabled=false, invalidHostNameAllowed=false, context=null}, applicationName='null', compressorList=[], uuidRepresentation=JAVA_LEGACY, serverApi=null, autoEncryptionSettings=null, contextProvider=null} 
[32m[INFO ][m [35m[2024-10-24T10:27:49,006] [cluster-ClusterId{value='671a4b544d9d425ab24e963c', description='null'}-localhost:27017] [cluster][m Exception in monitor thread while connecting to server localhost:27017 
com.mongodb.MongoSocketOpenException: Exception opening socket
	at com.mongodb.internal.connection.SocketStream.open(SocketStream.java:73) ~[mongodb-driver-core-4.9.1.jar:?]
	at com.mongodb.internal.connection.InternalStreamConnection.open(InternalStreamConnection.java:204) ~[mongodb-driver-core-4.9.1.jar:?]
	at com.mongodb.internal.connection.DefaultServerMonitor$ServerMonitorRunnable.lookupServerDescription(DefaultServerMonitor.java:199) ~[mongodb-driver-core-4.9.1.jar:?]
	at com.mongodb.internal.connection.DefaultServerMonitor$ServerMonitorRunnable.run(DefaultServerMonitor.java:159) ~[mongodb-driver-core-4.9.1.jar:?]
	at java.lang.Thread.run(Thread.java:1583) [?:?]
Caused by: java.net.ConnectException: Conexão recusada
	at sun.nio.ch.Net.pollConnect(Native Method) ~[?:?]
	at sun.nio.ch.Net.pollConnectNow(Net.java:682) ~[?:?]
	at sun.nio.ch.NioSocketImpl.timedFinishConnect(NioSocketImpl.java:542) ~[?:?]
	at sun.nio.ch.NioSocketImpl.connect(NioSocketImpl.java:592) ~[?:?]
	at java.net.SocksSocketImpl.connect(SocksSocketImpl.java:327) ~[?:?]
	at java.net.Socket.connect(Socket.java:751) ~[?:?]
	at com.mongodb.internal.connection.SocketStreamHelper.initialize(SocketStreamHelper.java:107) ~[mongodb-driver-core-4.9.1.jar:?]
	at com.mongodb.internal.connection.SocketStream.initializeSocket(SocketStream.java:82) ~[mongodb-driver-core-4.9.1.jar:?]
	at com.mongodb.internal.connection.SocketStream.open(SocketStream.java:68) ~[mongodb-driver-core-4.9.1.jar:?]
	... 4 more
[32m[INFO ][m [35m[2024-10-24T10:27:49,412] [main] [cluster][m Cluster description not yet available. Waiting for 30000 ms before timing out 
[33m[WARN ][m [35m[2024-10-24T10:28:19,416] [main] [AnnotationConfigServletWebServerApplicationContext][m Exception encountered during context initialization - cancelling refresh attempt: org.springframework.beans.factory.UnsatisfiedDependencyException: Error creating bean with name 'createHeroController' defined in file [/home/guilhermehermes/Documentos/GitHub/CleanHeroAPI/core/target/classes/br/com/gubee/interview/core/hero/adapter/in/web/CreateHeroController.class]: Unsatisfied dependency expressed through constructor parameter 0: Error creating bean with name 'createHeroService' defined in file [/home/guilhermehermes/Documentos/GitHub/CleanHeroAPI/core/target/classes/br/com/gubee/interview/core/hero/application/service/create_hero/CreateHeroService.class]: Failed to instantiate [br.com.gubee.interview.application.hero.application.service.create_hero.CreateHeroService]: Constructor threw exception
[32m[INFO ][m [35m[2024-10-24T10:28:19,482] [main] [StandardService][m Stopping service [Tomcat] 
[32m[INFO ][m [35m[2024-10-24T10:28:19,494] [main] [ConditionEvaluationReportLogger][m 

Error starting ApplicationContext. To display the condition evaluation report re-run your application with 'debug' enabled. 
[1;31m[ERROR][m [35m[2024-10-24T10:28:19,510] [main] [SpringApplication][m Application run failed 
org.springframework.beans.factory.UnsatisfiedDependencyException: Error creating bean with name 'createHeroController' defined in file [/home/guilhermehermes/Documentos/GitHub/CleanHeroAPI/core/target/classes/br/com/gubee/interview/core/hero/adapter/in/web/CreateHeroController.class]: Unsatisfied dependency expressed through constructor parameter 0: Error creating bean with name 'createHeroService' defined in file [/home/guilhermehermes/Documentos/GitHub/CleanHeroAPI/core/target/classes/br/com/gubee/interview/core/hero/application/service/create_hero/CreateHeroService.class]: Failed to instantiate [br.com.gubee.interview.application.hero.application.service.create_hero.CreateHeroService]: Constructor threw exception
	at org.springframework.beans.factory.support.ConstructorResolver.createArgumentArray(ConstructorResolver.java:800) ~[spring-beans-6.0.9.jar:6.0.9]
	at org.springframework.beans.factory.support.ConstructorResolver.autowireConstructor(ConstructorResolver.java:245) ~[spring-beans-6.0.9.jar:6.0.9]
	at org.springframework.beans.factory.support.AbstractAutowireCapableBeanFactory.autowireConstructor(AbstractAutowireCapableBeanFactory.java:1352) ~[spring-beans-6.0.9.jar:6.0.9]
	at org.springframework.beans.factory.support.AbstractAutowireCapableBeanFactory.createBeanInstance(AbstractAutowireCapableBeanFactory.java:1189) ~[spring-beans-6.0.9.jar:6.0.9]
	at org.springframework.beans.factory.support.AbstractAutowireCapableBeanFactory.doCreateBean(AbstractAutowireCapableBeanFactory.java:560) ~[spring-beans-6.0.9.jar:6.0.9]
	at org.springframework.beans.factory.support.AbstractAutowireCapableBeanFactory.createBean(AbstractAutowireCapableBeanFactory.java:520) ~[spring-beans-6.0.9.jar:6.0.9]
	at org.springframework.beans.factory.support.AbstractBeanFactory.lambda$doGetBean$0(AbstractBeanFactory.java:326) ~[spring-beans-6.0.9.jar:6.0.9]
	at org.springframework.beans.factory.support.DefaultSingletonBeanRegistry.getSingleton(DefaultSingletonBeanRegistry.java:234) ~[spring-beans-6.0.9.jar:6.0.9]
	at org.springframework.beans.factory.support.AbstractBeanFactory.doGetBean(AbstractBeanFactory.java:324) ~[spring-beans-6.0.9.jar:6.0.9]
	at org.springframework.beans.factory.support.AbstractBeanFactory.getBean(AbstractBeanFactory.java:200) ~[spring-beans-6.0.9.jar:6.0.9]
	at org.springframework.beans.factory.support.DefaultListableBeanFactory.preInstantiateSingletons(DefaultListableBeanFactory.java:973) ~[spring-beans-6.0.9.jar:6.0.9]
	at org.springframework.context.support.AbstractApplicationContext.finishBeanFactoryInitialization(AbstractApplicationContext.java:941) ~[spring-context-6.0.9.jar:6.0.9]
	at org.springframework.context.support.AbstractApplicationContext.refresh(AbstractApplicationContext.java:608) ~[spring-context-6.0.9.jar:6.0.9]
	at org.springframework.boot.web.servlet.context.ServletWebServerApplicationContext.refresh(ServletWebServerApplicationContext.java:146) ~[spring-boot-3.1.0.jar:3.1.0]
	at org.springframework.boot.SpringApplication.refresh(SpringApplication.java:733) [spring-boot-3.1.0.jar:3.1.0]
	at org.springframework.boot.SpringApplication.refreshContext(SpringApplication.java:435) [spring-boot-3.1.0.jar:3.1.0]
	at org.springframework.boot.SpringApplication.run(SpringApplication.java:311) [spring-boot-3.1.0.jar:3.1.0]
	at org.springframework.boot.SpringApplication.run(SpringApplication.java:1305) [spring-boot-3.1.0.jar:3.1.0]
	at org.springframework.boot.SpringApplication.run(SpringApplication.java:1294) [spring-boot-3.1.0.jar:3.1.0]
	at br.com.gubee.interview.application.Application.main(Application.java:12) [classes/:?]
Caused by: org.springframework.beans.factory.BeanCreationException: Error creating bean with name 'createHeroService' defined in file [/home/guilhermehermes/Documentos/GitHub/CleanHeroAPI/core/target/classes/br/com/gubee/interview/core/hero/application/service/create_hero/CreateHeroService.class]: Failed to instantiate [br.com.gubee.interview.application.hero.application.service.create_hero.CreateHeroService]: Constructor threw exception
	at org.springframework.beans.factory.support.ConstructorResolver.instantiate(ConstructorResolver.java:326) ~[spring-beans-6.0.9.jar:6.0.9]
	at org.springframework.beans.factory.support.ConstructorResolver.autowireConstructor(ConstructorResolver.java:314) ~[spring-beans-6.0.9.jar:6.0.9]
	at org.springframework.beans.factory.support.AbstractAutowireCapableBeanFactory.autowireConstructor(AbstractAutowireCapableBeanFactory.java:1352) ~[spring-beans-6.0.9.jar:6.0.9]
	at org.springframework.beans.factory.support.AbstractAutowireCapableBeanFactory.createBeanInstance(AbstractAutowireCapableBeanFactory.java:1189) ~[spring-beans-6.0.9.jar:6.0.9]
	at org.springframework.beans.factory.support.AbstractAutowireCapableBeanFactory.doCreateBean(AbstractAutowireCapableBeanFactory.java:560) ~[spring-beans-6.0.9.jar:6.0.9]
	at org.springframework.beans.factory.support.AbstractAutowireCapableBeanFactory.createBean(AbstractAutowireCapableBeanFactory.java:520) ~[spring-beans-6.0.9.jar:6.0.9]
	at org.springframework.beans.factory.support.AbstractBeanFactory.lambda$doGetBean$0(AbstractBeanFactory.java:326) ~[spring-beans-6.0.9.jar:6.0.9]
	at org.springframework.beans.factory.support.DefaultSingletonBeanRegistry.getSingleton(DefaultSingletonBeanRegistry.java:234) ~[spring-beans-6.0.9.jar:6.0.9]
	at org.springframework.beans.factory.support.AbstractBeanFactory.doGetBean(AbstractBeanFactory.java:324) ~[spring-beans-6.0.9.jar:6.0.9]
	at org.springframework.beans.factory.support.AbstractBeanFactory.getBean(AbstractBeanFactory.java:200) ~[spring-beans-6.0.9.jar:6.0.9]
	at org.springframework.beans.factory.config.DependencyDescriptor.resolveCandidate(DependencyDescriptor.java:254) ~[spring-beans-6.0.9.jar:6.0.9]
	at org.springframework.beans.factory.support.DefaultListableBeanFactory.doResolveDependency(DefaultListableBeanFactory.java:1417) ~[spring-beans-6.0.9.jar:6.0.9]
	at org.springframework.beans.factory.support.DefaultListableBeanFactory.resolveDependency(DefaultListableBeanFactory.java:1337) ~[spring-beans-6.0.9.jar:6.0.9]
	at org.springframework.beans.factory.support.ConstructorResolver.resolveAutowiredArgument(ConstructorResolver.java:888) ~[spring-beans-6.0.9.jar:6.0.9]
	at org.springframework.beans.factory.support.ConstructorResolver.createArgumentArray(ConstructorResolver.java:791) ~[spring-beans-6.0.9.jar:6.0.9]
	... 19 more
Caused by: org.springframework.beans.BeanInstantiationException: Failed to instantiate [br.com.gubee.interview.application.hero.application.service.create_hero.CreateHeroService]: Constructor threw exception
	at org.springframework.beans.BeanUtils.instantiateClass(BeanUtils.java:224) ~[spring-beans-6.0.9.jar:6.0.9]
	at org.springframework.beans.factory.support.SimpleInstantiationStrategy.instantiate(SimpleInstantiationStrategy.java:110) ~[spring-beans-6.0.9.jar:6.0.9]
	at org.springframework.beans.factory.support.ConstructorResolver.instantiate(ConstructorResolver.java:323) ~[spring-beans-6.0.9.jar:6.0.9]
	at org.springframework.beans.factory.support.ConstructorResolver.autowireConstructor(ConstructorResolver.java:314) ~[spring-beans-6.0.9.jar:6.0.9]
	at org.springframework.beans.factory.support.AbstractAutowireCapableBeanFactory.autowireConstructor(AbstractAutowireCapableBeanFactory.java:1352) ~[spring-beans-6.0.9.jar:6.0.9]
	at org.springframework.beans.factory.support.AbstractAutowireCapableBeanFactory.createBeanInstance(AbstractAutowireCapableBeanFactory.java:1189) ~[spring-beans-6.0.9.jar:6.0.9]
	at org.springframework.beans.factory.support.AbstractAutowireCapableBeanFactory.doCreateBean(AbstractAutowireCapableBeanFactory.java:560) ~[spring-beans-6.0.9.jar:6.0.9]
	at org.springframework.beans.factory.support.AbstractAutowireCapableBeanFactory.createBean(AbstractAutowireCapableBeanFactory.java:520) ~[spring-beans-6.0.9.jar:6.0.9]
	at org.springframework.beans.factory.support.AbstractBeanFactory.lambda$doGetBean$0(AbstractBeanFactory.java:326) ~[spring-beans-6.0.9.jar:6.0.9]
	at org.springframework.beans.factory.support.DefaultSingletonBeanRegistry.getSingleton(DefaultSingletonBeanRegistry.java:234) ~[spring-beans-6.0.9.jar:6.0.9]
	at org.springframework.beans.factory.support.AbstractBeanFactory.doGetBean(AbstractBeanFactory.java:324) ~[spring-beans-6.0.9.jar:6.0.9]
	at org.springframework.beans.factory.support.AbstractBeanFactory.getBean(AbstractBeanFactory.java:200) ~[spring-beans-6.0.9.jar:6.0.9]
	at org.springframework.beans.factory.config.DependencyDescriptor.resolveCandidate(DependencyDescriptor.java:254) ~[spring-beans-6.0.9.jar:6.0.9]
	at org.springframework.beans.factory.support.DefaultListableBeanFactory.doResolveDependency(DefaultListableBeanFactory.java:1417) ~[spring-beans-6.0.9.jar:6.0.9]
	at org.springframework.beans.factory.support.DefaultListableBeanFactory.resolveDependency(DefaultListableBeanFactory.java:1337) ~[spring-beans-6.0.9.jar:6.0.9]
	at org.springframework.beans.factory.support.ConstructorResolver.resolveAutowiredArgument(ConstructorResolver.java:888) ~[spring-beans-6.0.9.jar:6.0.9]
	at org.springframework.beans.factory.support.ConstructorResolver.createArgumentArray(ConstructorResolver.java:791) ~[spring-beans-6.0.9.jar:6.0.9]
	... 19 more
Caused by: org.springframework.dao.DataAccessResourceFailureException: Timed out after 30000 ms while waiting to connect. Client view of cluster state is {type=UNKNOWN, servers=[{address=localhost:27017, type=UNKNOWN, state=CONNECTING, exception={com.mongodb.MongoSocketOpenException: Exception opening socket}, caused by {java.net.ConnectException: Conexão recusada}}]
	at org.springframework.data.mongodb.core.MongoExceptionTranslator.translateExceptionIfPossible(MongoExceptionTranslator.java:93) ~[spring-data-mongodb-4.1.0.jar:4.1.0]
	at org.springframework.data.mongodb.core.MongoTemplate.potentiallyConvertRuntimeException(MongoTemplate.java:2932) ~[spring-data-mongodb-4.1.0.jar:4.1.0]
	at org.springframework.data.mongodb.core.MongoTemplate.execute(MongoTemplate.java:602) ~[spring-data-mongodb-4.1.0.jar:4.1.0]
	at org.springframework.data.mongodb.core.MongoTemplate.doRemove(MongoTemplate.java:1816) ~[spring-data-mongodb-4.1.0.jar:4.1.0]
	at org.springframework.data.mongodb.core.MongoTemplate.remove(MongoTemplate.java:1782) ~[spring-data-mongodb-4.1.0.jar:4.1.0]
	at org.springframework.data.mongodb.repository.support.SimpleMongoRepository.deleteAll(SimpleMongoRepository.java:193) ~[spring-data-mongodb-4.1.0.jar:4.1.0]
	at jdk.internal.reflect.DirectMethodHandleAccessor.invoke(DirectMethodHandleAccessor.java:103) ~[?:?]
	at java.lang.reflect.Method.invoke(Method.java:580) ~[?:?]
	at org.springframework.data.repository.core.support.RepositoryMethodInvoker$RepositoryFragmentMethodInvoker.lambda$new$0(RepositoryMethodInvoker.java:288) ~[spring-data-commons-3.1.0.jar:3.1.0]
	at org.springframework.data.repository.core.support.RepositoryMethodInvoker.doInvoke(RepositoryMethodInvoker.java:136) ~[spring-data-commons-3.1.0.jar:3.1.0]
	at org.springframework.data.repository.core.support.RepositoryMethodInvoker.invoke(RepositoryMethodInvoker.java:120) ~[spring-data-commons-3.1.0.jar:3.1.0]
	at org.springframework.data.repository.core.support.RepositoryComposition$RepositoryFragments.invoke(RepositoryComposition.java:516) ~[spring-data-commons-3.1.0.jar:3.1.0]
	at org.springframework.data.repository.core.support.RepositoryComposition.invoke(RepositoryComposition.java:285) ~[spring-data-commons-3.1.0.jar:3.1.0]
	at org.springframework.data.repository.core.support.RepositoryFactorySupport$ImplementationMethodExecutionInterceptor.invoke(RepositoryFactorySupport.java:628) ~[spring-data-commons-3.1.0.jar:3.1.0]
	at org.springframework.aop.framework.ReflectiveMethodInvocation.proceed(ReflectiveMethodInvocation.java:184) ~[spring-aop-6.0.9.jar:6.0.9]
	at org.springframework.data.repository.core.support.QueryExecutorMethodInterceptor.doInvoke(QueryExecutorMethodInterceptor.java:168) ~[spring-data-commons-3.1.0.jar:3.1.0]
	at org.springframework.data.repository.core.support.QueryExecutorMethodInterceptor.invoke(QueryExecutorMethodInterceptor.java:143) ~[spring-data-commons-3.1.0.jar:3.1.0]
	at org.springframework.aop.framework.ReflectiveMethodInvocation.proceed(ReflectiveMethodInvocation.java:184) ~[spring-aop-6.0.9.jar:6.0.9]
	at org.springframework.data.projection.DefaultMethodInvokingMethodInterceptor.invoke(DefaultMethodInvokingMethodInterceptor.java:77) ~[spring-data-commons-3.1.0.jar:3.1.0]
	at org.springframework.aop.framework.ReflectiveMethodInvocation.proceed(ReflectiveMethodInvocation.java:184) ~[spring-aop-6.0.9.jar:6.0.9]
	at org.springframework.aop.interceptor.ExposeInvocationInterceptor.invoke(ExposeInvocationInterceptor.java:97) ~[spring-aop-6.0.9.jar:6.0.9]
	at org.springframework.aop.framework.ReflectiveMethodInvocation.proceed(ReflectiveMethodInvocation.java:184) ~[spring-aop-6.0.9.jar:6.0.9]
	at org.springframework.aop.framework.JdkDynamicAopProxy.invoke(JdkDynamicAopProxy.java:223) ~[spring-aop-6.0.9.jar:6.0.9]
	at br.com.gubee.interview.application.hero.adapter.out.persistence.$Proxy94.deleteAll(Unknown Source) ~[?:?]
	at com.guilhermehermes.infrastructure.adapter.out.persistence.HeroPersistenceAdapter.deleteAll(HeroPersistenceAdapter.java:48) ~[classes/:?]
	at jdk.internal.reflect.DirectMethodHandleAccessor.invoke(DirectMethodHandleAccessor.java:103) ~[?:?]
	at java.lang.reflect.Method.invoke(Method.java:580) ~[?:?]
	at org.springframework.aop.support.AopUtils.invokeJoinpointUsingReflection(AopUtils.java:343) ~[spring-aop-6.0.9.jar:6.0.9]
	at org.springframework.aop.framework.ReflectiveMethodInvocation.invokeJoinpoint(ReflectiveMethodInvocation.java:196) ~[spring-aop-6.0.9.jar:6.0.9]
	at org.springframework.aop.framework.ReflectiveMethodInvocation.proceed(ReflectiveMethodInvocation.java:163) ~[spring-aop-6.0.9.jar:6.0.9]
	at org.springframework.aop.framework.CglibAopProxy$CglibMethodInvocation.proceed(CglibAopProxy.java:750) ~[spring-aop-6.0.9.jar:6.0.9]
	at org.springframework.dao.support.PersistenceExceptionTranslationInterceptor.invoke(PersistenceExceptionTranslationInterceptor.java:137) ~[spring-tx-6.0.9.jar:6.0.9]
	at org.springframework.aop.framework.ReflectiveMethodInvocation.proceed(ReflectiveMethodInvocation.java:184) ~[spring-aop-6.0.9.jar:6.0.9]
	at org.springframework.aop.framework.CglibAopProxy$CglibMethodInvocation.proceed(CglibAopProxy.java:750) ~[spring-aop-6.0.9.jar:6.0.9]
	at org.springframework.aop.framework.CglibAopProxy$DynamicAdvisedInterceptor.intercept(CglibAopProxy.java:702) ~[spring-aop-6.0.9.jar:6.0.9]
	at com.guilhermehermes.infrastructure.adapter.out.persistence.HeroPersistenceAdapter$$SpringCGLIB$$0.deleteAll(<generated>) ~[classes/:?]
	at br.com.gubee.interview.application.hero.application.service.create_hero.CreateHeroService.<init>(CreateHeroService.java:22) ~[classes/:?]
	at jdk.internal.reflect.DirectConstructorHandleAccessor.newInstance(DirectConstructorHandleAccessor.java:62) ~[?:?]
	at java.lang.reflect.Constructor.newInstanceWithCaller(Constructor.java:502) ~[?:?]
	at java.lang.reflect.Constructor.newInstance(Constructor.java:486) ~[?:?]
	at org.springframework.beans.BeanUtils.instantiateClass(BeanUtils.java:211) ~[spring-beans-6.0.9.jar:6.0.9]
	at org.springframework.beans.factory.support.SimpleInstantiationStrategy.instantiate(SimpleInstantiationStrategy.java:110) ~[spring-beans-6.0.9.jar:6.0.9]
	at org.springframework.beans.factory.support.ConstructorResolver.instantiate(ConstructorResolver.java:323) ~[spring-beans-6.0.9.jar:6.0.9]
	at org.springframework.beans.factory.support.ConstructorResolver.autowireConstructor(ConstructorResolver.java:314) ~[spring-beans-6.0.9.jar:6.0.9]
	at org.springframework.beans.factory.support.AbstractAutowireCapableBeanFactory.autowireConstructor(AbstractAutowireCapableBeanFactory.java:1352) ~[spring-beans-6.0.9.jar:6.0.9]
	at org.springframework.beans.factory.support.AbstractAutowireCapableBeanFactory.createBeanInstance(AbstractAutowireCapableBeanFactory.java:1189) ~[spring-beans-6.0.9.jar:6.0.9]
	at org.springframework.beans.factory.support.AbstractAutowireCapableBeanFactory.doCreateBean(AbstractAutowireCapableBeanFactory.java:560) ~[spring-beans-6.0.9.jar:6.0.9]
	at org.springframework.beans.factory.support.AbstractAutowireCapableBeanFactory.createBean(AbstractAutowireCapableBeanFactory.java:520) ~[spring-beans-6.0.9.jar:6.0.9]
	at org.springframework.beans.factory.support.AbstractBeanFactory.lambda$doGetBean$0(AbstractBeanFactory.java:326) ~[spring-beans-6.0.9.jar:6.0.9]
	at org.springframework.beans.factory.support.DefaultSingletonBeanRegistry.getSingleton(DefaultSingletonBeanRegistry.java:234) ~[spring-beans-6.0.9.jar:6.0.9]
	at org.springframework.beans.factory.support.AbstractBeanFactory.doGetBean(AbstractBeanFactory.java:324) ~[spring-beans-6.0.9.jar:6.0.9]
	at org.springframework.beans.factory.support.AbstractBeanFactory.getBean(AbstractBeanFactory.java:200) ~[spring-beans-6.0.9.jar:6.0.9]
	at org.springframework.beans.factory.config.DependencyDescriptor.resolveCandidate(DependencyDescriptor.java:254) ~[spring-beans-6.0.9.jar:6.0.9]
	at org.springframework.beans.factory.support.DefaultListableBeanFactory.doResolveDependency(DefaultListableBeanFactory.java:1417) ~[spring-beans-6.0.9.jar:6.0.9]
	at org.springframework.beans.factory.support.DefaultListableBeanFactory.resolveDependency(DefaultListableBeanFactory.java:1337) ~[spring-beans-6.0.9.jar:6.0.9]
	at org.springframework.beans.factory.support.ConstructorResolver.resolveAutowiredArgument(ConstructorResolver.java:888) ~[spring-beans-6.0.9.jar:6.0.9]
	at org.springframework.beans.factory.support.ConstructorResolver.createArgumentArray(ConstructorResolver.java:791) ~[spring-beans-6.0.9.jar:6.0.9]
	... 19 more
Caused by: com.mongodb.MongoTimeoutException: Timed out after 30000 ms while waiting to connect. Client view of cluster state is {type=UNKNOWN, servers=[{address=localhost:27017, type=UNKNOWN, state=CONNECTING, exception={com.mongodb.MongoSocketOpenException: Exception opening socket}, caused by {java.net.ConnectException: Conexão recusada}}]
	at com.mongodb.internal.connection.BaseCluster.getDescription(BaseCluster.java:184) ~[mongodb-driver-core-4.9.1.jar:?]
	at com.mongodb.internal.connection.SingleServerCluster.getDescription(SingleServerCluster.java:46) ~[mongodb-driver-core-4.9.1.jar:?]
	at com.mongodb.client.internal.MongoClientDelegate.getConnectedClusterDescription(MongoClientDelegate.java:143) ~[mongodb-driver-sync-4.9.1.jar:?]
	at com.mongodb.client.internal.MongoClientDelegate.createClientSession(MongoClientDelegate.java:100) ~[mongodb-driver-sync-4.9.1.jar:?]
	at com.mongodb.client.internal.MongoClientDelegate$DelegateOperationExecutor.getClientSession(MongoClientDelegate.java:285) ~[mongodb-driver-sync-4.9.1.jar:?]
	at com.mongodb.client.internal.MongoClientDelegate$DelegateOperationExecutor.execute(MongoClientDelegate.java:201) ~[mongodb-driver-sync-4.9.1.jar:?]
	at com.mongodb.client.internal.MongoCollectionImpl.executeSingleWriteRequest(MongoCollectionImpl.java:1024) ~[mongodb-driver-sync-4.9.1.jar:?]
	at com.mongodb.client.internal.MongoCollectionImpl.executeDelete(MongoCollectionImpl.java:997) ~[mongodb-driver-sync-4.9.1.jar:?]
	at com.mongodb.client.internal.MongoCollectionImpl.deleteMany(MongoCollectionImpl.java:534) ~[mongodb-driver-sync-4.9.1.jar:?]
	at org.springframework.data.mongodb.core.MongoTemplate.lambda$doRemove$21(MongoTemplate.java:1845) ~[spring-data-mongodb-4.1.0.jar:4.1.0]
	at org.springframework.data.mongodb.core.MongoTemplate.execute(MongoTemplate.java:600) ~[spring-data-mongodb-4.1.0.jar:4.1.0]
	at org.springframework.data.mongodb.core.MongoTemplate.doRemove(MongoTemplate.java:1816) ~[spring-data-mongodb-4.1.0.jar:4.1.0]
	at org.springframework.data.mongodb.core.MongoTemplate.remove(MongoTemplate.java:1782) ~[spring-data-mongodb-4.1.0.jar:4.1.0]
	at org.springframework.data.mongodb.repository.support.SimpleMongoRepository.deleteAll(SimpleMongoRepository.java:193) ~[spring-data-mongodb-4.1.0.jar:4.1.0]
	at jdk.internal.reflect.DirectMethodHandleAccessor.invoke(DirectMethodHandleAccessor.java:103) ~[?:?]
	at java.lang.reflect.Method.invoke(Method.java:580) ~[?:?]
	at org.springframework.data.repository.core.support.RepositoryMethodInvoker$RepositoryFragmentMethodInvoker.lambda$new$0(RepositoryMethodInvoker.java:288) ~[spring-data-commons-3.1.0.jar:3.1.0]
	at org.springframework.data.repository.core.support.RepositoryMethodInvoker.doInvoke(RepositoryMethodInvoker.java:136) ~[spring-data-commons-3.1.0.jar:3.1.0]
	at org.springframework.data.repository.core.support.RepositoryMethodInvoker.invoke(RepositoryMethodInvoker.java:120) ~[spring-data-commons-3.1.0.jar:3.1.0]
	at org.springframework.data.repository.core.support.RepositoryComposition$RepositoryFragments.invoke(RepositoryComposition.java:516) ~[spring-data-commons-3.1.0.jar:3.1.0]
	at org.springframework.data.repository.core.support.RepositoryComposition.invoke(RepositoryComposition.java:285) ~[spring-data-commons-3.1.0.jar:3.1.0]
	at org.springframework.data.repository.core.support.RepositoryFactorySupport$ImplementationMethodExecutionInterceptor.invoke(RepositoryFactorySupport.java:628) ~[spring-data-commons-3.1.0.jar:3.1.0]
	at org.springframework.aop.framework.ReflectiveMethodInvocation.proceed(ReflectiveMethodInvocation.java:184) ~[spring-aop-6.0.9.jar:6.0.9]
	at org.springframework.data.repository.core.support.QueryExecutorMethodInterceptor.doInvoke(QueryExecutorMethodInterceptor.java:168) ~[spring-data-commons-3.1.0.jar:3.1.0]
	at org.springframework.data.repository.core.support.QueryExecutorMethodInterceptor.invoke(QueryExecutorMethodInterceptor.java:143) ~[spring-data-commons-3.1.0.jar:3.1.0]
	at org.springframework.aop.framework.ReflectiveMethodInvocation.proceed(ReflectiveMethodInvocation.java:184) ~[spring-aop-6.0.9.jar:6.0.9]
	at org.springframework.data.projection.DefaultMethodInvokingMethodInterceptor.invoke(DefaultMethodInvokingMethodInterceptor.java:77) ~[spring-data-commons-3.1.0.jar:3.1.0]
	at org.springframework.aop.framework.ReflectiveMethodInvocation.proceed(ReflectiveMethodInvocation.java:184) ~[spring-aop-6.0.9.jar:6.0.9]
	at org.springframework.aop.interceptor.ExposeInvocationInterceptor.invoke(ExposeInvocationInterceptor.java:97) ~[spring-aop-6.0.9.jar:6.0.9]
	at org.springframework.aop.framework.ReflectiveMethodInvocation.proceed(ReflectiveMethodInvocation.java:184) ~[spring-aop-6.0.9.jar:6.0.9]
	at org.springframework.aop.framework.JdkDynamicAopProxy.invoke(JdkDynamicAopProxy.java:223) ~[spring-aop-6.0.9.jar:6.0.9]
	at br.com.gubee.interview.application.hero.adapter.out.persistence.$Proxy94.deleteAll(Unknown Source) ~[?:?]
	at com.guilhermehermes.infrastructure.adapter.out.persistence.HeroPersistenceAdapter.deleteAll(HeroPersistenceAdapter.java:48) ~[classes/:?]
	at jdk.internal.reflect.DirectMethodHandleAccessor.invoke(DirectMethodHandleAccessor.java:103) ~[?:?]
	at java.lang.reflect.Method.invoke(Method.java:580) ~[?:?]
	at org.springframework.aop.support.AopUtils.invokeJoinpointUsingReflection(AopUtils.java:343) ~[spring-aop-6.0.9.jar:6.0.9]
	at org.springframework.aop.framework.ReflectiveMethodInvocation.invokeJoinpoint(ReflectiveMethodInvocation.java:196) ~[spring-aop-6.0.9.jar:6.0.9]
	at org.springframework.aop.framework.ReflectiveMethodInvocation.proceed(ReflectiveMethodInvocation.java:163) ~[spring-aop-6.0.9.jar:6.0.9]
	at org.springframework.aop.framework.CglibAopProxy$CglibMethodInvocation.proceed(CglibAopProxy.java:750) ~[spring-aop-6.0.9.jar:6.0.9]
	at org.springframework.dao.support.PersistenceExceptionTranslationInterceptor.invoke(PersistenceExceptionTranslationInterceptor.java:137) ~[spring-tx-6.0.9.jar:6.0.9]
	at org.springframework.aop.framework.ReflectiveMethodInvocation.proceed(ReflectiveMethodInvocation.java:184) ~[spring-aop-6.0.9.jar:6.0.9]
	at org.springframework.aop.framework.CglibAopProxy$CglibMethodInvocation.proceed(CglibAopProxy.java:750) ~[spring-aop-6.0.9.jar:6.0.9]
	at org.springframework.aop.framework.CglibAopProxy$DynamicAdvisedInterceptor.intercept(CglibAopProxy.java:702) ~[spring-aop-6.0.9.jar:6.0.9]
	at com.guilhermehermes.infrastructure.adapter.out.persistence.HeroPersistenceAdapter$$SpringCGLIB$$0.deleteAll(<generated>) ~[classes/:?]
	at br.com.gubee.interview.application.hero.application.service.create_hero.CreateHeroService.<init>(CreateHeroService.java:22) ~[classes/:?]
	at jdk.internal.reflect.DirectConstructorHandleAccessor.newInstance(DirectConstructorHandleAccessor.java:62) ~[?:?]
	at java.lang.reflect.Constructor.newInstanceWithCaller(Constructor.java:502) ~[?:?]
	at java.lang.reflect.Constructor.newInstance(Constructor.java:486) ~[?:?]
	at org.springframework.beans.BeanUtils.instantiateClass(BeanUtils.java:211) ~[spring-beans-6.0.9.jar:6.0.9]
	at org.springframework.beans.factory.support.SimpleInstantiationStrategy.instantiate(SimpleInstantiationStrategy.java:110) ~[spring-beans-6.0.9.jar:6.0.9]
	at org.springframework.beans.factory.support.ConstructorResolver.instantiate(ConstructorResolver.java:323) ~[spring-beans-6.0.9.jar:6.0.9]
	at org.springframework.beans.factory.support.ConstructorResolver.autowireConstructor(ConstructorResolver.java:314) ~[spring-beans-6.0.9.jar:6.0.9]
	at org.springframework.beans.factory.support.AbstractAutowireCapableBeanFactory.autowireConstructor(AbstractAutowireCapableBeanFactory.java:1352) ~[spring-beans-6.0.9.jar:6.0.9]
	at org.springframework.beans.factory.support.AbstractAutowireCapableBeanFactory.createBeanInstance(AbstractAutowireCapableBeanFactory.java:1189) ~[spring-beans-6.0.9.jar:6.0.9]
	at org.springframework.beans.factory.support.AbstractAutowireCapableBeanFactory.doCreateBean(AbstractAutowireCapableBeanFactory.java:560) ~[spring-beans-6.0.9.jar:6.0.9]
	at org.springframework.beans.factory.support.AbstractAutowireCapableBeanFactory.createBean(AbstractAutowireCapableBeanFactory.java:520) ~[spring-beans-6.0.9.jar:6.0.9]
	at org.springframework.beans.factory.support.AbstractBeanFactory.lambda$doGetBean$0(AbstractBeanFactory.java:326) ~[spring-beans-6.0.9.jar:6.0.9]
	at org.springframework.beans.factory.support.DefaultSingletonBeanRegistry.getSingleton(DefaultSingletonBeanRegistry.java:234) ~[spring-beans-6.0.9.jar:6.0.9]
	at org.springframework.beans.factory.support.AbstractBeanFactory.doGetBean(AbstractBeanFactory.java:324) ~[spring-beans-6.0.9.jar:6.0.9]
	at org.springframework.beans.factory.support.AbstractBeanFactory.getBean(AbstractBeanFactory.java:200) ~[spring-beans-6.0.9.jar:6.0.9]
	at org.springframework.beans.factory.config.DependencyDescriptor.resolveCandidate(DependencyDescriptor.java:254) ~[spring-beans-6.0.9.jar:6.0.9]
	at org.springframework.beans.factory.support.DefaultListableBeanFactory.doResolveDependency(DefaultListableBeanFactory.java:1417) ~[spring-beans-6.0.9.jar:6.0.9]
	at org.springframework.beans.factory.support.DefaultListableBeanFactory.resolveDependency(DefaultListableBeanFactory.java:1337) ~[spring-beans-6.0.9.jar:6.0.9]
	at org.springframework.beans.factory.support.ConstructorResolver.resolveAutowiredArgument(ConstructorResolver.java:888) ~[spring-beans-6.0.9.jar:6.0.9]
	at org.springframework.beans.factory.support.ConstructorResolver.createArgumentArray(ConstructorResolver.java:791) ~[spring-beans-6.0.9.jar:6.0.9]
	... 19 more
[32m[INFO ][m [35m[2024-10-24T12:43:32,269] [background-preinit] [Version][m HV000001: Hibernate Validator 8.0.0.Final 
[32m[INFO ][m [35m[2024-10-24T12:43:32,300] [main] [Application][m Starting Application using Java 21.0.4 with PID 148993 (/home/guilhermehermes/Documentos/GitHub/CleanHeroAPI/application/target/classes started by guilhermehermes in /home/guilhermehermes/Documentos/GitHub/CleanHeroAPI) 
[32m[INFO ][m [35m[2024-10-24T12:43:32,303] [main] [Application][m No active profile set, falling back to 1 default profile: "default" 
[32m[INFO ][m [35m[2024-10-24T12:43:32,802] [main] [RepositoryConfigurationDelegate][m Bootstrapping Spring Data MongoDB repositories in DEFAULT mode. 
[32m[INFO ][m [35m[2024-10-24T12:43:32,821] [main] [RepositoryConfigurationDelegate][m Finished Spring Data repository scanning in 13 ms. Found 0 MongoDB repository interfaces. 
[32m[INFO ][m [35m[2024-10-24T12:43:33,154] [main] [TomcatWebServer][m Tomcat initialized with port(s): 8080 (http) 
[32m[INFO ][m [35m[2024-10-24T12:43:33,175] [main] [Http11NioProtocol][m The ["http-nio-8080"] connector has been configured to support HTTP upgrade to [h2c] 
[32m[INFO ][m [35m[2024-10-24T12:43:33,176] [main] [Http11NioProtocol][m Initializing ProtocolHandler ["http-nio-8080"] 
[32m[INFO ][m [35m[2024-10-24T12:43:33,178] [main] [StandardService][m Starting service [Tomcat] 
[32m[INFO ][m [35m[2024-10-24T12:43:33,178] [main] [StandardEngine][m Starting Servlet engine: [Apache Tomcat/10.1.8] 
[32m[INFO ][m [35m[2024-10-24T12:43:33,236] [main] [[/]][m Initializing Spring embedded WebApplicationContext 
[32m[INFO ][m [35m[2024-10-24T12:43:33,236] [main] [ServletWebServerApplicationContext][m Root WebApplicationContext: initialization completed in 897 ms 
[33m[WARN ][m [35m[2024-10-24T12:43:33,282] [main] [AnnotationConfigServletWebServerApplicationContext][m Exception encountered during context initialization - cancelling refresh attempt: org.springframework.beans.factory.UnsatisfiedDependencyException: Error creating bean with name 'getHeroesService' defined in file [/home/guilhermehermes/Documentos/GitHub/CleanHeroAPI/application/target/classes/br/com/gubee/interview/application/hero/service/GetHeroesService.class]: Unsatisfied dependency expressed through constructor parameter 0: No qualifying bean of type 'br.com.gubee.interview.domain.adapters.HeroPersistence' available: expected at least 1 bean which qualifies as autowire candidate. Dependency annotations: {}
[32m[INFO ][m [35m[2024-10-24T12:43:33,348] [main] [StandardService][m Stopping service [Tomcat] 
[32m[INFO ][m [35m[2024-10-24T12:43:33,361] [main] [ConditionEvaluationReportLogger][m 

Error starting ApplicationContext. To display the condition evaluation report re-run your application with 'debug' enabled. 
[1;31m[ERROR][m [35m[2024-10-24T12:43:33,381] [main] [LoggingFailureAnalysisReporter][m 

***************************
APPLICATION FAILED TO START
***************************

Description:

Parameter 0 of constructor in br.com.gubee.interview.application.hero.service.GetHeroesService required a bean of type 'br.com.gubee.interview.domain.adapters.HeroPersistence' that could not be found.


Action:

Consider defining a bean of type 'br.com.gubee.interview.domain.adapters.HeroPersistence' in your configuration.
 
[32m[INFO ][m [35m[2024-10-24T12:43:41,313] [background-preinit] [Version][m HV000001: Hibernate Validator 8.0.0.Final 
[32m[INFO ][m [35m[2024-10-24T12:43:41,350] [main] [Application][m Starting Application using Java 21.0.4 with PID 149133 (/home/guilhermehermes/Documentos/GitHub/CleanHeroAPI/application/target/classes started by guilhermehermes in /home/guilhermehermes/Documentos/GitHub/CleanHeroAPI) 
[32m[INFO ][m [35m[2024-10-24T12:43:41,353] [main] [Application][m No active profile set, falling back to 1 default profile: "default" 
[32m[INFO ][m [35m[2024-10-24T12:43:41,820] [main] [RepositoryConfigurationDelegate][m Bootstrapping Spring Data MongoDB repositories in DEFAULT mode. 
[32m[INFO ][m [35m[2024-10-24T12:43:41,835] [main] [RepositoryConfigurationDelegate][m Finished Spring Data repository scanning in 11 ms. Found 0 MongoDB repository interfaces. 
[32m[INFO ][m [35m[2024-10-24T12:43:42,125] [main] [TomcatWebServer][m Tomcat initialized with port(s): 8080 (http) 
[32m[INFO ][m [35m[2024-10-24T12:43:42,133] [main] [Http11NioProtocol][m The ["http-nio-8080"] connector has been configured to support HTTP upgrade to [h2c] 
[32m[INFO ][m [35m[2024-10-24T12:43:42,133] [main] [Http11NioProtocol][m Initializing ProtocolHandler ["http-nio-8080"] 
[32m[INFO ][m [35m[2024-10-24T12:43:42,134] [main] [StandardService][m Starting service [Tomcat] 
[32m[INFO ][m [35m[2024-10-24T12:43:42,135] [main] [StandardEngine][m Starting Servlet engine: [Apache Tomcat/10.1.8] 
[32m[INFO ][m [35m[2024-10-24T12:43:42,198] [main] [[/]][m Initializing Spring embedded WebApplicationContext 
[32m[INFO ][m [35m[2024-10-24T12:43:42,198] [main] [ServletWebServerApplicationContext][m Root WebApplicationContext: initialization completed in 811 ms 
[33m[WARN ][m [35m[2024-10-24T12:43:42,237] [main] [AnnotationConfigServletWebServerApplicationContext][m Exception encountered during context initialization - cancelling refresh attempt: org.springframework.beans.factory.UnsatisfiedDependencyException: Error creating bean with name 'getHeroesService' defined in file [/home/guilhermehermes/Documentos/GitHub/CleanHeroAPI/application/target/classes/br/com/gubee/interview/application/hero/service/GetHeroesService.class]: Unsatisfied dependency expressed through constructor parameter 0: No qualifying bean of type 'br.com.gubee.interview.domain.adapters.HeroPersistence' available: expected at least 1 bean which qualifies as autowire candidate. Dependency annotations: {}
[32m[INFO ][m [35m[2024-10-24T12:43:42,289] [main] [StandardService][m Stopping service [Tomcat] 
[32m[INFO ][m [35m[2024-10-24T12:43:42,299] [main] [ConditionEvaluationReportLogger][m 

Error starting ApplicationContext. To display the condition evaluation report re-run your application with 'debug' enabled. 
[1;31m[ERROR][m [35m[2024-10-24T12:43:42,326] [main] [LoggingFailureAnalysisReporter][m 

***************************
APPLICATION FAILED TO START
***************************

Description:

Parameter 0 of constructor in br.com.gubee.interview.application.hero.service.GetHeroesService required a bean of type 'br.com.gubee.interview.domain.adapters.HeroPersistence' that could not be found.


Action:

Consider defining a bean of type 'br.com.gubee.interview.domain.adapters.HeroPersistence' in your configuration.
 
[32m[INFO ][m [35m[2024-10-24T12:43:46,478] [background-preinit] [Version][m HV000001: Hibernate Validator 8.0.0.Final 
[32m[INFO ][m [35m[2024-10-24T12:43:46,507] [main] [Application][m Starting Application using Java 21.0.4 with PID 149263 (/home/guilhermehermes/Documentos/GitHub/CleanHeroAPI/application/target/classes started by guilhermehermes in /home/guilhermehermes/Documentos/GitHub/CleanHeroAPI) 
[32m[INFO ][m [35m[2024-10-24T12:43:46,510] [main] [Application][m No active profile set, falling back to 1 default profile: "default" 
[32m[INFO ][m [35m[2024-10-24T12:43:47,014] [main] [RepositoryConfigurationDelegate][m Bootstrapping Spring Data MongoDB repositories in DEFAULT mode. 
[32m[INFO ][m [35m[2024-10-24T12:43:47,030] [main] [RepositoryConfigurationDelegate][m Finished Spring Data repository scanning in 11 ms. Found 0 MongoDB repository interfaces. 
[32m[INFO ][m [35m[2024-10-24T12:43:47,350] [main] [TomcatWebServer][m Tomcat initialized with port(s): 8080 (http) 
[32m[INFO ][m [35m[2024-10-24T12:43:47,358] [main] [Http11NioProtocol][m The ["http-nio-8080"] connector has been configured to support HTTP upgrade to [h2c] 
[32m[INFO ][m [35m[2024-10-24T12:43:47,358] [main] [Http11NioProtocol][m Initializing ProtocolHandler ["http-nio-8080"] 
[32m[INFO ][m [35m[2024-10-24T12:43:47,359] [main] [StandardService][m Starting service [Tomcat] 
[32m[INFO ][m [35m[2024-10-24T12:43:47,359] [main] [StandardEngine][m Starting Servlet engine: [Apache Tomcat/10.1.8] 
[32m[INFO ][m [35m[2024-10-24T12:43:47,426] [main] [[/]][m Initializing Spring embedded WebApplicationContext 
[32m[INFO ][m [35m[2024-10-24T12:43:47,426] [main] [ServletWebServerApplicationContext][m Root WebApplicationContext: initialization completed in 875 ms 
[33m[WARN ][m [35m[2024-10-24T12:43:47,468] [main] [AnnotationConfigServletWebServerApplicationContext][m Exception encountered during context initialization - cancelling refresh attempt: org.springframework.beans.factory.UnsatisfiedDependencyException: Error creating bean with name 'getHeroesService' defined in file [/home/guilhermehermes/Documentos/GitHub/CleanHeroAPI/application/target/classes/br/com/gubee/interview/application/hero/service/GetHeroesService.class]: Unsatisfied dependency expressed through constructor parameter 0: No qualifying bean of type 'br.com.gubee.interview.domain.adapters.HeroPersistence' available: expected at least 1 bean which qualifies as autowire candidate. Dependency annotations: {}
[32m[INFO ][m [35m[2024-10-24T12:43:47,522] [main] [StandardService][m Stopping service [Tomcat] 
[32m[INFO ][m [35m[2024-10-24T12:43:47,542] [main] [ConditionEvaluationReportLogger][m 

Error starting ApplicationContext. To display the condition evaluation report re-run your application with 'debug' enabled. 
[1;31m[ERROR][m [35m[2024-10-24T12:43:47,558] [main] [LoggingFailureAnalysisReporter][m 

***************************
APPLICATION FAILED TO START
***************************

Description:

Parameter 0 of constructor in br.com.gubee.interview.application.hero.service.GetHeroesService required a bean of type 'br.com.gubee.interview.domain.adapters.HeroPersistence' that could not be found.


Action:

Consider defining a bean of type 'br.com.gubee.interview.domain.adapters.HeroPersistence' in your configuration.
 
[32m[INFO ][m [35m[2024-10-24T12:45:33,485] [background-preinit] [Version][m HV000001: Hibernate Validator 8.0.0.Final 
[32m[INFO ][m [35m[2024-10-24T12:45:33,514] [main] [Application][m Starting Application using Java 21.0.4 with PID 149934 (/home/guilhermehermes/Documentos/GitHub/CleanHeroAPI/application/target/classes started by guilhermehermes in /home/guilhermehermes/Documentos/GitHub/CleanHeroAPI) 
[32m[INFO ][m [35m[2024-10-24T12:45:33,520] [main] [Application][m No active profile set, falling back to 1 default profile: "default" 
[32m[INFO ][m [35m[2024-10-24T12:45:34,009] [main] [RepositoryConfigurationDelegate][m Bootstrapping Spring Data MongoDB repositories in DEFAULT mode. 
[32m[INFO ][m [35m[2024-10-24T12:45:34,024] [main] [RepositoryConfigurationDelegate][m Finished Spring Data repository scanning in 11 ms. Found 0 MongoDB repository interfaces. 
[32m[INFO ][m [35m[2024-10-24T12:45:34,329] [main] [TomcatWebServer][m Tomcat initialized with port(s): 8080 (http) 
[32m[INFO ][m [35m[2024-10-24T12:45:34,337] [main] [Http11NioProtocol][m The ["http-nio-8080"] connector has been configured to support HTTP upgrade to [h2c] 
[32m[INFO ][m [35m[2024-10-24T12:45:34,337] [main] [Http11NioProtocol][m Initializing ProtocolHandler ["http-nio-8080"] 
[32m[INFO ][m [35m[2024-10-24T12:45:34,338] [main] [StandardService][m Starting service [Tomcat] 
[32m[INFO ][m [35m[2024-10-24T12:45:34,339] [main] [StandardEngine][m Starting Servlet engine: [Apache Tomcat/10.1.8] 
[32m[INFO ][m [35m[2024-10-24T12:45:34,403] [main] [[/]][m Initializing Spring embedded WebApplicationContext 
[32m[INFO ][m [35m[2024-10-24T12:45:34,403] [main] [ServletWebServerApplicationContext][m Root WebApplicationContext: initialization completed in 840 ms 
[33m[WARN ][m [35m[2024-10-24T12:45:34,443] [main] [AnnotationConfigServletWebServerApplicationContext][m Exception encountered during context initialization - cancelling refresh attempt: org.springframework.beans.factory.UnsatisfiedDependencyException: Error creating bean with name 'getHeroesService' defined in file [/home/guilhermehermes/Documentos/GitHub/CleanHeroAPI/application/target/classes/br/com/gubee/interview/application/hero/service/GetHeroesService.class]: Unsatisfied dependency expressed through constructor parameter 0: No qualifying bean of type 'br.com.gubee.interview.domain.adapters.HeroPersistence' available: expected at least 1 bean which qualifies as autowire candidate. Dependency annotations: {}
[32m[INFO ][m [35m[2024-10-24T12:45:34,496] [main] [StandardService][m Stopping service [Tomcat] 
[32m[INFO ][m [35m[2024-10-24T12:45:34,517] [main] [ConditionEvaluationReportLogger][m 

Error starting ApplicationContext. To display the condition evaluation report re-run your application with 'debug' enabled. 
[1;31m[ERROR][m [35m[2024-10-24T12:45:34,532] [main] [LoggingFailureAnalysisReporter][m 

***************************
APPLICATION FAILED TO START
***************************

Description:

Parameter 0 of constructor in br.com.gubee.interview.application.hero.service.GetHeroesService required a bean of type 'br.com.gubee.interview.domain.adapters.HeroPersistence' that could not be found.


Action:

Consider defining a bean of type 'br.com.gubee.interview.domain.adapters.HeroPersistence' in your configuration.
 
[32m[INFO ][m [35m[2024-10-24T12:45:37,357] [background-preinit] [Version][m HV000001: Hibernate Validator 8.0.0.Final 
[32m[INFO ][m [35m[2024-10-24T12:45:37,387] [main] [Application][m Starting Application using Java 21.0.4 with PID 150073 (/home/guilhermehermes/Documentos/GitHub/CleanHeroAPI/application/target/classes started by guilhermehermes in /home/guilhermehermes/Documentos/GitHub/CleanHeroAPI) 
[32m[INFO ][m [35m[2024-10-24T12:45:37,392] [main] [Application][m No active profile set, falling back to 1 default profile: "default" 
[32m[INFO ][m [35m[2024-10-24T12:45:37,903] [main] [RepositoryConfigurationDelegate][m Bootstrapping Spring Data MongoDB repositories in DEFAULT mode. 
[32m[INFO ][m [35m[2024-10-24T12:45:37,918] [main] [RepositoryConfigurationDelegate][m Finished Spring Data repository scanning in 12 ms. Found 0 MongoDB repository interfaces. 
[32m[INFO ][m [35m[2024-10-24T12:45:38,253] [main] [TomcatWebServer][m Tomcat initialized with port(s): 8080 (http) 
[32m[INFO ][m [35m[2024-10-24T12:45:38,262] [main] [Http11NioProtocol][m The ["http-nio-8080"] connector has been configured to support HTTP upgrade to [h2c] 
[32m[INFO ][m [35m[2024-10-24T12:45:38,262] [main] [Http11NioProtocol][m Initializing ProtocolHandler ["http-nio-8080"] 
[32m[INFO ][m [35m[2024-10-24T12:45:38,263] [main] [StandardService][m Starting service [Tomcat] 
[32m[INFO ][m [35m[2024-10-24T12:45:38,263] [main] [StandardEngine][m Starting Servlet engine: [Apache Tomcat/10.1.8] 
[32m[INFO ][m [35m[2024-10-24T12:45:38,329] [main] [[/]][m Initializing Spring embedded WebApplicationContext 
[32m[INFO ][m [35m[2024-10-24T12:45:38,329] [main] [ServletWebServerApplicationContext][m Root WebApplicationContext: initialization completed in 901 ms 
[33m[WARN ][m [35m[2024-10-24T12:45:38,369] [main] [AnnotationConfigServletWebServerApplicationContext][m Exception encountered during context initialization - cancelling refresh attempt: org.springframework.beans.factory.UnsatisfiedDependencyException: Error creating bean with name 'getHeroesService' defined in file [/home/guilhermehermes/Documentos/GitHub/CleanHeroAPI/application/target/classes/br/com/gubee/interview/application/hero/service/GetHeroesService.class]: Unsatisfied dependency expressed through constructor parameter 0: No qualifying bean of type 'br.com.gubee.interview.domain.adapters.HeroPersistence' available: expected at least 1 bean which qualifies as autowire candidate. Dependency annotations: {}
[32m[INFO ][m [35m[2024-10-24T12:45:38,422] [main] [StandardService][m Stopping service [Tomcat] 
[32m[INFO ][m [35m[2024-10-24T12:45:38,432] [main] [ConditionEvaluationReportLogger][m 

Error starting ApplicationContext. To display the condition evaluation report re-run your application with 'debug' enabled. 
[1;31m[ERROR][m [35m[2024-10-24T12:45:38,460] [main] [LoggingFailureAnalysisReporter][m 

***************************
APPLICATION FAILED TO START
***************************

Description:

Parameter 0 of constructor in br.com.gubee.interview.application.hero.service.GetHeroesService required a bean of type 'br.com.gubee.interview.domain.adapters.HeroPersistence' that could not be found.


Action:

Consider defining a bean of type 'br.com.gubee.interview.domain.adapters.HeroPersistence' in your configuration.
 
[32m[INFO ][m [35m[2024-10-24T12:47:02,040] [background-preinit] [Version][m HV000001: Hibernate Validator 8.0.0.Final 
[32m[INFO ][m [35m[2024-10-24T12:47:02,075] [main] [Application][m Starting Application using Java 21.0.4 with PID 151152 (/home/guilhermehermes/Documentos/GitHub/CleanHeroAPI/application/target/classes started by guilhermehermes in /home/guilhermehermes/Documentos/GitHub/CleanHeroAPI) 
[32m[INFO ][m [35m[2024-10-24T12:47:02,080] [main] [Application][m No active profile set, falling back to 1 default profile: "default" 
[32m[INFO ][m [35m[2024-10-24T12:47:02,605] [main] [RepositoryConfigurationDelegate][m Bootstrapping Spring Data MongoDB repositories in DEFAULT mode. 
[32m[INFO ][m [35m[2024-10-24T12:47:02,620] [main] [RepositoryConfigurationDelegate][m Finished Spring Data repository scanning in 12 ms. Found 0 MongoDB repository interfaces. 
[32m[INFO ][m [35m[2024-10-24T12:47:02,930] [main] [TomcatWebServer][m Tomcat initialized with port(s): 8080 (http) 
[32m[INFO ][m [35m[2024-10-24T12:47:02,939] [main] [Http11NioProtocol][m The ["http-nio-8080"] connector has been configured to support HTTP upgrade to [h2c] 
[32m[INFO ][m [35m[2024-10-24T12:47:02,939] [main] [Http11NioProtocol][m Initializing ProtocolHandler ["http-nio-8080"] 
[32m[INFO ][m [35m[2024-10-24T12:47:02,940] [main] [StandardService][m Starting service [Tomcat] 
[32m[INFO ][m [35m[2024-10-24T12:47:02,940] [main] [StandardEngine][m Starting Servlet engine: [Apache Tomcat/10.1.8] 
[32m[INFO ][m [35m[2024-10-24T12:47:03,006] [main] [[/]][m Initializing Spring embedded WebApplicationContext 
[32m[INFO ][m [35m[2024-10-24T12:47:03,007] [main] [ServletWebServerApplicationContext][m Root WebApplicationContext: initialization completed in 886 ms 
[33m[WARN ][m [35m[2024-10-24T12:47:03,047] [main] [AnnotationConfigServletWebServerApplicationContext][m Exception encountered during context initialization - cancelling refresh attempt: org.springframework.beans.factory.UnsatisfiedDependencyException: Error creating bean with name 'getHeroesService' defined in file [/home/guilhermehermes/Documentos/GitHub/CleanHeroAPI/application/target/classes/br/com/gubee/interview/application/hero/service/GetHeroesService.class]: Unsatisfied dependency expressed through constructor parameter 0: No qualifying bean of type 'br.com.gubee.interview.domain.adapters.HeroPersistence' available: expected at least 1 bean which qualifies as autowire candidate. Dependency annotations: {}
[32m[INFO ][m [35m[2024-10-24T12:47:03,100] [main] [StandardService][m Stopping service [Tomcat] 
[32m[INFO ][m [35m[2024-10-24T12:47:03,111] [main] [ConditionEvaluationReportLogger][m 

Error starting ApplicationContext. To display the condition evaluation report re-run your application with 'debug' enabled. 
[1;31m[ERROR][m [35m[2024-10-24T12:47:03,143] [main] [LoggingFailureAnalysisReporter][m 

***************************
APPLICATION FAILED TO START
***************************

Description:

Parameter 0 of constructor in br.com.gubee.interview.application.hero.service.GetHeroesService required a bean of type 'br.com.gubee.interview.domain.adapters.HeroPersistence' that could not be found.


Action:

Consider defining a bean of type 'br.com.gubee.interview.domain.adapters.HeroPersistence' in your configuration.
 
[32m[INFO ][m [35m[2024-10-24T12:53:23,417] [background-preinit] [Version][m HV000001: Hibernate Validator 8.0.1.Final 
[32m[INFO ][m [35m[2024-10-24T12:53:23,455] [main] [InfrastructureApplication][m Starting InfrastructureApplication using Java 21.0.4 with PID 153236 (/home/guilhermehermes/Documentos/GitHub/CleanHeroAPI/infrastructure/target/classes started by guilhermehermes in /home/guilhermehermes/Documentos/GitHub/CleanHeroAPI) 
[32m[INFO ][m [35m[2024-10-24T12:53:23,459] [main] [InfrastructureApplication][m No active profile set, falling back to 1 default profile: "default" 
[32m[INFO ][m [35m[2024-10-24T12:53:23,832] [main] [RepositoryConfigurationDelegate][m Bootstrapping Spring Data MongoDB repositories in DEFAULT mode. 
[32m[INFO ][m [35m[2024-10-24T12:53:23,867] [main] [RepositoryConfigurationDelegate][m Finished Spring Data repository scanning in 31 ms. Found 1 MongoDB repository interface. 
[32m[INFO ][m [35m[2024-10-24T12:53:24,411] [main] [TomcatWebServer][m Tomcat initialized with port 8080 (http) 
[32m[INFO ][m [35m[2024-10-24T12:53:24,421] [main] [Http11NioProtocol][m The ["http-nio-8080"] connector has been configured to support HTTP upgrade to [h2c] 
[32m[INFO ][m [35m[2024-10-24T12:53:24,421] [main] [Http11NioProtocol][m Initializing ProtocolHandler ["http-nio-8080"] 
[32m[INFO ][m [35m[2024-10-24T12:53:24,425] [main] [StandardService][m Starting service [Tomcat] 
[32m[INFO ][m [35m[2024-10-24T12:53:24,425] [main] [StandardEngine][m Starting Servlet engine: [Apache Tomcat/10.1.30] 
[32m[INFO ][m [35m[2024-10-24T12:53:24,461] [main] [[/]][m Initializing Spring embedded WebApplicationContext 
[32m[INFO ][m [35m[2024-10-24T12:53:24,462] [main] [ServletWebServerApplicationContext][m Root WebApplicationContext: initialization completed in 963 ms 
[33m[WARN ][m [35m[2024-10-24T12:53:24,518] [main] [AnnotationConfigServletWebServerApplicationContext][m Exception encountered during context initialization - cancelling refresh attempt: org.springframework.beans.factory.UnsatisfiedDependencyException: Error creating bean with name 'compareHeroesController' defined in file [/home/guilhermehermes/Documentos/GitHub/CleanHeroAPI/infrastructure/target/classes/com/guilhermehermes/infrastructure/adapter/in/web/CompareHeroesController.class]: Unsatisfied dependency expressed through constructor parameter 0: No qualifying bean of type 'br.com.gubee.interview.application.hero.useCases.CompareHeroesUseCase' available: expected at least 1 bean which qualifies as autowire candidate. Dependency annotations: {} 
[32m[INFO ][m [35m[2024-10-24T12:53:24,581] [main] [StandardService][m Stopping service [Tomcat] 
[32m[INFO ][m [35m[2024-10-24T12:53:24,592] [main] [ConditionEvaluationReportLogger][m 

Error starting ApplicationContext. To display the condition evaluation report re-run your application with 'debug' enabled. 
[1;31m[ERROR][m [35m[2024-10-24T12:53:24,609] [main] [LoggingFailureAnalysisReporter][m 

***************************
APPLICATION FAILED TO START
***************************

Description:

Parameter 0 of constructor in com.guilhermehermes.infrastructure.adapter.in.web.CompareHeroesController required a bean of type 'br.com.gubee.interview.application.hero.useCases.CompareHeroesUseCase' that could not be found.


Action:

Consider defining a bean of type 'br.com.gubee.interview.application.hero.useCases.CompareHeroesUseCase' in your configuration.
 
[32m[INFO ][m [35m[2024-10-24T12:58:56,499] [background-preinit] [Version][m HV000001: Hibernate Validator 8.0.1.Final 
[32m[INFO ][m [35m[2024-10-24T12:58:56,546] [main] [InfrastructureApplication][m Starting InfrastructureApplication using Java 21.0.4 with PID 154345 (/home/guilhermehermes/Documentos/GitHub/CleanHeroAPI/infrastructure/target/classes started by guilhermehermes in /home/guilhermehermes/Documentos/GitHub/CleanHeroAPI) 
[32m[INFO ][m [35m[2024-10-24T12:58:56,549] [main] [InfrastructureApplication][m No active profile set, falling back to 1 default profile: "default" 
[33m[WARN ][m [35m[2024-10-24T12:58:56,673] [main] [AnnotationConfigServletWebServerApplicationContext][m Exception encountered during context initialization - cancelling refresh attempt: org.springframework.beans.factory.BeanDefinitionStoreException: Failed to parse configuration class [com.guilhermehermes.infrastructure.InfrastructureApplication] 
[1;31m[ERROR][m [35m[2024-10-24T12:58:56,756] [main] [SpringApplication][m Application run failed 
org.springframework.beans.factory.BeanDefinitionStoreException: Failed to parse configuration class [com.guilhermehermes.infrastructure.InfrastructureApplication]
	at org.springframework.context.annotation.ConfigurationClassParser.parse(ConfigurationClassParser.java:179) ~[spring-context-6.1.13.jar:6.1.13]
	at org.springframework.context.annotation.ConfigurationClassPostProcessor.processConfigBeanDefinitions(ConfigurationClassPostProcessor.java:417) ~[spring-context-6.1.13.jar:6.1.13]
	at org.springframework.context.annotation.ConfigurationClassPostProcessor.postProcessBeanDefinitionRegistry(ConfigurationClassPostProcessor.java:290) ~[spring-context-6.1.13.jar:6.1.13]
	at org.springframework.context.support.PostProcessorRegistrationDelegate.invokeBeanDefinitionRegistryPostProcessors(PostProcessorRegistrationDelegate.java:349) ~[spring-context-6.1.13.jar:6.1.13]
	at org.springframework.context.support.PostProcessorRegistrationDelegate.invokeBeanFactoryPostProcessors(PostProcessorRegistrationDelegate.java:118) ~[spring-context-6.1.13.jar:6.1.13]
	at org.springframework.context.support.AbstractApplicationContext.invokeBeanFactoryPostProcessors(AbstractApplicationContext.java:789) ~[spring-context-6.1.13.jar:6.1.13]
	at org.springframework.context.support.AbstractApplicationContext.refresh(AbstractApplicationContext.java:607) ~[spring-context-6.1.13.jar:6.1.13]
	at org.springframework.boot.web.servlet.context.ServletWebServerApplicationContext.refresh(ServletWebServerApplicationContext.java:146) ~[spring-boot-3.3.4.jar:3.3.4]
	at org.springframework.boot.SpringApplication.refresh(SpringApplication.java:754) [spring-boot-3.3.4.jar:3.3.4]
	at org.springframework.boot.SpringApplication.refreshContext(SpringApplication.java:456) [spring-boot-3.3.4.jar:3.3.4]
	at org.springframework.boot.SpringApplication.run(SpringApplication.java:335) [spring-boot-3.3.4.jar:3.3.4]
	at org.springframework.boot.SpringApplication.run(SpringApplication.java:1363) [spring-boot-3.3.4.jar:3.3.4]
	at org.springframework.boot.SpringApplication.run(SpringApplication.java:1352) [spring-boot-3.3.4.jar:3.3.4]
	at com.guilhermehermes.infrastructure.InfrastructureApplication.main(InfrastructureApplication.java:14) [classes/:?]
Caused by: org.springframework.context.annotation.ConflictingBeanDefinitionException: Annotation-specified bean name 'resourceExceptionHandler' for bean class [br.com.gubee.interview.core.exceptions.ResourceExceptionHandler] conflicts with existing, non-compatible bean definition of same name and class [br.com.gubee.interview.application.exceptions.ResourceExceptionHandler]
	at org.springframework.context.annotation.ClassPathBeanDefinitionScanner.checkCandidate(ClassPathBeanDefinitionScanner.java:361) ~[spring-context-6.1.13.jar:6.1.13]
	at org.springframework.context.annotation.ClassPathBeanDefinitionScanner.doScan(ClassPathBeanDefinitionScanner.java:288) ~[spring-context-6.1.13.jar:6.1.13]
	at org.springframework.context.annotation.ComponentScanAnnotationParser.parse(ComponentScanAnnotationParser.java:128) ~[spring-context-6.1.13.jar:6.1.13]
	at org.springframework.context.annotation.ConfigurationClassParser.doProcessConfigurationClass(ConfigurationClassParser.java:306) ~[spring-context-6.1.13.jar:6.1.13]
	at org.springframework.context.annotation.ConfigurationClassParser.processConfigurationClass(ConfigurationClassParser.java:246) ~[spring-context-6.1.13.jar:6.1.13]
	at org.springframework.context.annotation.ConfigurationClassParser.parse(ConfigurationClassParser.java:197) ~[spring-context-6.1.13.jar:6.1.13]
	at org.springframework.context.annotation.ConfigurationClassParser.parse(ConfigurationClassParser.java:165) ~[spring-context-6.1.13.jar:6.1.13]
	... 13 more
[32m[INFO ][m [35m[2024-10-24T13:00:35,135] [background-preinit] [Version][m HV000001: Hibernate Validator 8.0.1.Final 
[32m[INFO ][m [35m[2024-10-24T13:00:35,174] [main] [InfrastructureApplication][m Starting InfrastructureApplication using Java 21.0.4 with PID 154689 (/home/guilhermehermes/Documentos/GitHub/CleanHeroAPI/infrastructure/target/classes started by guilhermehermes in /home/guilhermehermes/Documentos/GitHub/CleanHeroAPI) 
[32m[INFO ][m [35m[2024-10-24T13:00:35,177] [main] [InfrastructureApplication][m No active profile set, falling back to 1 default profile: "default" 
[33m[WARN ][m [35m[2024-10-24T13:00:35,310] [main] [AnnotationConfigServletWebServerApplicationContext][m Exception encountered during context initialization - cancelling refresh attempt: org.springframework.beans.factory.BeanDefinitionStoreException: Failed to parse configuration class [com.guilhermehermes.infrastructure.InfrastructureApplication] 
[1;31m[ERROR][m [35m[2024-10-24T13:00:35,382] [main] [SpringApplication][m Application run failed 
org.springframework.beans.factory.BeanDefinitionStoreException: Failed to parse configuration class [com.guilhermehermes.infrastructure.InfrastructureApplication]
	at org.springframework.context.annotation.ConfigurationClassParser.parse(ConfigurationClassParser.java:179) ~[spring-context-6.1.13.jar:6.1.13]
	at org.springframework.context.annotation.ConfigurationClassPostProcessor.processConfigBeanDefinitions(ConfigurationClassPostProcessor.java:417) ~[spring-context-6.1.13.jar:6.1.13]
	at org.springframework.context.annotation.ConfigurationClassPostProcessor.postProcessBeanDefinitionRegistry(ConfigurationClassPostProcessor.java:290) ~[spring-context-6.1.13.jar:6.1.13]
	at org.springframework.context.support.PostProcessorRegistrationDelegate.invokeBeanDefinitionRegistryPostProcessors(PostProcessorRegistrationDelegate.java:349) ~[spring-context-6.1.13.jar:6.1.13]
	at org.springframework.context.support.PostProcessorRegistrationDelegate.invokeBeanFactoryPostProcessors(PostProcessorRegistrationDelegate.java:118) ~[spring-context-6.1.13.jar:6.1.13]
	at org.springframework.context.support.AbstractApplicationContext.invokeBeanFactoryPostProcessors(AbstractApplicationContext.java:789) ~[spring-context-6.1.13.jar:6.1.13]
	at org.springframework.context.support.AbstractApplicationContext.refresh(AbstractApplicationContext.java:607) ~[spring-context-6.1.13.jar:6.1.13]
	at org.springframework.boot.web.servlet.context.ServletWebServerApplicationContext.refresh(ServletWebServerApplicationContext.java:146) ~[spring-boot-3.3.4.jar:3.3.4]
	at org.springframework.boot.SpringApplication.refresh(SpringApplication.java:754) [spring-boot-3.3.4.jar:3.3.4]
	at org.springframework.boot.SpringApplication.refreshContext(SpringApplication.java:456) [spring-boot-3.3.4.jar:3.3.4]
	at org.springframework.boot.SpringApplication.run(SpringApplication.java:335) [spring-boot-3.3.4.jar:3.3.4]
	at org.springframework.boot.SpringApplication.run(SpringApplication.java:1363) [spring-boot-3.3.4.jar:3.3.4]
	at org.springframework.boot.SpringApplication.run(SpringApplication.java:1352) [spring-boot-3.3.4.jar:3.3.4]
	at com.guilhermehermes.infrastructure.InfrastructureApplication.main(InfrastructureApplication.java:14) [classes/:?]
Caused by: org.springframework.context.annotation.ConflictingBeanDefinitionException: Annotation-specified bean name 'mongoConfig' for bean class [br.com.gubee.interview.core.configuration.MongoConfig] conflicts with existing, non-compatible bean definition of same name and class [com.guilhermehermes.infrastructure.configuration.MongoConfig]
	at org.springframework.context.annotation.ClassPathBeanDefinitionScanner.checkCandidate(ClassPathBeanDefinitionScanner.java:361) ~[spring-context-6.1.13.jar:6.1.13]
	at org.springframework.context.annotation.ClassPathBeanDefinitionScanner.doScan(ClassPathBeanDefinitionScanner.java:288) ~[spring-context-6.1.13.jar:6.1.13]
	at org.springframework.context.annotation.ComponentScanAnnotationParser.parse(ComponentScanAnnotationParser.java:128) ~[spring-context-6.1.13.jar:6.1.13]
	at org.springframework.context.annotation.ConfigurationClassParser.doProcessConfigurationClass(ConfigurationClassParser.java:306) ~[spring-context-6.1.13.jar:6.1.13]
	at org.springframework.context.annotation.ConfigurationClassParser.processConfigurationClass(ConfigurationClassParser.java:246) ~[spring-context-6.1.13.jar:6.1.13]
	at org.springframework.context.annotation.ConfigurationClassParser.parse(ConfigurationClassParser.java:197) ~[spring-context-6.1.13.jar:6.1.13]
	at org.springframework.context.annotation.ConfigurationClassParser.parse(ConfigurationClassParser.java:165) ~[spring-context-6.1.13.jar:6.1.13]
	... 13 more
[32m[INFO ][m [35m[2024-10-24T13:03:48,511] [background-preinit] [Version][m HV000001: Hibernate Validator 8.0.1.Final 
[32m[INFO ][m [35m[2024-10-24T13:03:48,547] [main] [InfrastructureApplication][m Starting InfrastructureApplication using Java 21.0.4 with PID 155437 (/home/guilhermehermes/Documentos/GitHub/CleanHeroAPI/infrastructure/target/classes started by guilhermehermes in /home/guilhermehermes/Documentos/GitHub/CleanHeroAPI) 
[32m[INFO ][m [35m[2024-10-24T13:03:48,552] [main] [InfrastructureApplication][m No active profile set, falling back to 1 default profile: "default" 
[33m[WARN ][m [35m[2024-10-24T13:03:48,604] [main] [ConfigurationWarningsApplicationContextInitializer][m 

** WARNING ** : Your ApplicationContext is unlikely to start due to a @ComponentScan of the default package.

 
[32m[INFO ][m [35m[2024-10-24T13:03:48,969] [main] [RepositoryConfigurationDelegate][m Bootstrapping Spring Data MongoDB repositories in DEFAULT mode. 
[32m[INFO ][m [35m[2024-10-24T13:03:49,000] [main] [RepositoryConfigurationDelegate][m Finished Spring Data repository scanning in 28 ms. Found 1 MongoDB repository interface. 
[32m[INFO ][m [35m[2024-10-24T13:03:49,528] [main] [TomcatWebServer][m Tomcat initialized with port 8080 (http) 
[32m[INFO ][m [35m[2024-10-24T13:03:49,538] [main] [Http11NioProtocol][m The ["http-nio-8080"] connector has been configured to support HTTP upgrade to [h2c] 
[32m[INFO ][m [35m[2024-10-24T13:03:49,538] [main] [Http11NioProtocol][m Initializing ProtocolHandler ["http-nio-8080"] 
[32m[INFO ][m [35m[2024-10-24T13:03:49,541] [main] [StandardService][m Starting service [Tomcat] 
[32m[INFO ][m [35m[2024-10-24T13:03:49,542] [main] [StandardEngine][m Starting Servlet engine: [Apache Tomcat/10.1.30] 
[32m[INFO ][m [35m[2024-10-24T13:03:49,576] [main] [[/]][m Initializing Spring embedded WebApplicationContext 
[32m[INFO ][m [35m[2024-10-24T13:03:49,576] [main] [ServletWebServerApplicationContext][m Root WebApplicationContext: initialization completed in 985 ms 
[33m[WARN ][m [35m[2024-10-24T13:03:49,616] [main] [AnnotationConfigServletWebServerApplicationContext][m Exception encountered during context initialization - cancelling refresh attempt: org.springframework.beans.factory.UnsatisfiedDependencyException: Error creating bean with name 'compareHeroesController' defined in file [/home/guilhermehermes/Documentos/GitHub/CleanHeroAPI/infrastructure/target/classes/com/guilhermehermes/infrastructure/adapter/in/web/CompareHeroesController.class]: Unsatisfied dependency expressed through constructor parameter 0: No qualifying bean of type 'br.com.gubee.interview.application.hero.useCases.CompareHeroesUseCase' available: expected at least 1 bean which qualifies as autowire candidate. Dependency annotations: {} 
[32m[INFO ][m [35m[2024-10-24T13:03:49,619] [main] [StandardService][m Stopping service [Tomcat] 
[32m[INFO ][m [35m[2024-10-24T13:03:49,630] [main] [ConditionEvaluationReportLogger][m 

Error starting ApplicationContext. To display the condition evaluation report re-run your application with 'debug' enabled. 
[1;31m[ERROR][m [35m[2024-10-24T13:03:49,645] [main] [LoggingFailureAnalysisReporter][m 

***************************
APPLICATION FAILED TO START
***************************

Description:

Parameter 0 of constructor in com.guilhermehermes.infrastructure.adapter.in.web.CompareHeroesController required a bean of type 'br.com.gubee.interview.application.hero.useCases.CompareHeroesUseCase' that could not be found.


Action:

Consider defining a bean of type 'br.com.gubee.interview.application.hero.useCases.CompareHeroesUseCase' in your configuration.
 
[32m[INFO ][m [35m[2024-10-24T13:05:04,130] [background-preinit] [Version][m HV000001: Hibernate Validator 8.0.1.Final 
[32m[INFO ][m [35m[2024-10-24T13:05:04,166] [main] [InfrastructureApplication][m Starting InfrastructureApplication using Java 21.0.4 with PID 155735 (/home/guilhermehermes/Documentos/GitHub/CleanHeroAPI/infrastructure/target/classes started by guilhermehermes in /home/guilhermehermes/Documentos/GitHub/CleanHeroAPI) 
[32m[INFO ][m [35m[2024-10-24T13:05:04,171] [main] [InfrastructureApplication][m No active profile set, falling back to 1 default profile: "default" 
[32m[INFO ][m [35m[2024-10-24T13:05:04,544] [main] [RepositoryConfigurationDelegate][m Bootstrapping Spring Data MongoDB repositories in DEFAULT mode. 
[32m[INFO ][m [35m[2024-10-24T13:05:04,577] [main] [RepositoryConfigurationDelegate][m Finished Spring Data repository scanning in 30 ms. Found 1 MongoDB repository interface. 
[32m[INFO ][m [35m[2024-10-24T13:05:05,143] [main] [TomcatWebServer][m Tomcat initialized with port 8080 (http) 
[32m[INFO ][m [35m[2024-10-24T13:05:05,153] [main] [Http11NioProtocol][m The ["http-nio-8080"] connector has been configured to support HTTP upgrade to [h2c] 
[32m[INFO ][m [35m[2024-10-24T13:05:05,154] [main] [Http11NioProtocol][m Initializing ProtocolHandler ["http-nio-8080"] 
[32m[INFO ][m [35m[2024-10-24T13:05:05,157] [main] [StandardService][m Starting service [Tomcat] 
[32m[INFO ][m [35m[2024-10-24T13:05:05,158] [main] [StandardEngine][m Starting Servlet engine: [Apache Tomcat/10.1.30] 
[32m[INFO ][m [35m[2024-10-24T13:05:05,195] [main] [[/]][m Initializing Spring embedded WebApplicationContext 
[32m[INFO ][m [35m[2024-10-24T13:05:05,196] [main] [ServletWebServerApplicationContext][m Root WebApplicationContext: initialization completed in 989 ms 
[32m[INFO ][m [35m[2024-10-24T13:05:05,382] [main] [client][m MongoClient with metadata {"driver": {"name": "mongo-java-driver|sync|spring-boot", "version": "5.0.1"}, "os": {"type": "Linux", "name": "Linux", "architecture": "amd64", "version": "6.9.3-76060903-generic"}, "platform": "Java/Amazon.com Inc./21.0.4+7-LTS"} created with settings MongoClientSettings{readPreference=primary, writeConcern=WriteConcern{w=null, wTimeout=null ms, journal=null}, retryWrites=true, retryReads=true, readConcern=ReadConcern{level=null}, credential=null, transportSettings=null, commandListeners=[], codecRegistry=ProvidersCodecRegistry{codecProviders=[ValueCodecProvider{}, BsonValueCodecProvider{}, DBRefCodecProvider{}, DBObjectCodecProvider{}, DocumentCodecProvider{}, CollectionCodecProvider{}, IterableCodecProvider{}, MapCodecProvider{}, GeoJsonCodecProvider{}, GridFSFileCodecProvider{}, Jsr310CodecProvider{}, JsonObjectCodecProvider{}, BsonCodecProvider{}, EnumCodecProvider{}, com.mongodb.client.model.mql.ExpressionCodecProvider@6e685e6c, com.mongodb.Jep395RecordCodecProvider@5b0902b4, com.mongodb.KotlinCodecProvider@9d3d54e]}, loggerSettings=LoggerSettings{maxDocumentLength=1000}, clusterSettings={hosts=[localhost:27017], srvServiceName=mongodb, mode=SINGLE, requiredClusterType=UNKNOWN, requiredReplicaSetName='null', serverSelector='null', clusterListeners='[]', serverSelectionTimeout='30000 ms', localThreshold='15 ms'}, socketSettings=SocketSettings{connectTimeoutMS=10000, readTimeoutMS=0, receiveBufferSize=0, proxySettings=ProxySettings{host=null, port=null, username=null, password=null}}, heartbeatSocketSettings=SocketSettings{connectTimeoutMS=10000, readTimeoutMS=10000, receiveBufferSize=0, proxySettings=ProxySettings{host=null, port=null, username=null, password=null}}, connectionPoolSettings=ConnectionPoolSettings{maxSize=100, minSize=0, maxWaitTimeMS=120000, maxConnectionLifeTimeMS=0, maxConnectionIdleTimeMS=0, maintenanceInitialDelayMS=0, maintenanceFrequencyMS=60000, connectionPoolListeners=[], maxConnecting=2}, serverSettings=ServerSettings{heartbeatFrequencyMS=10000, minHeartbeatFrequencyMS=500, serverListeners='[]', serverMonitorListeners='[]'}, sslSettings=SslSettings{enabled=false, invalidHostNameAllowed=false, context=null}, applicationName='null', compressorList=[], uuidRepresentation=JAVA_LEGACY, serverApi=null, autoEncryptionSettings=null, dnsClient=null, inetAddressResolver=null, contextProvider=null} 
[32m[INFO ][m [35m[2024-10-24T13:05:05,391] [cluster-ClusterId{value='671a70311244c05daddc72c3', description='null'}-localhost:27017] [cluster][m Monitor thread successfully connected to server with description ServerDescription{address=localhost:27017, type=STANDALONE, state=CONNECTED, ok=true, minWireVersion=0, maxWireVersion=21, maxDocumentSize=16777216, logicalSessionTimeoutMinutes=30, roundTripTimeNanos=17712648} 
[32m[INFO ][m [35m[2024-10-24T13:05:06,184] [main] [Http11NioProtocol][m Starting ProtocolHandler ["http-nio-8080"] 
[32m[INFO ][m [35m[2024-10-24T13:05:06,196] [main] [TomcatWebServer][m Tomcat started on port 8080 (http) with context path '/' 
[32m[INFO ][m [35m[2024-10-24T13:05:06,202] [main] [InfrastructureApplication][m Started InfrastructureApplication in 2.31 seconds (process running for 5.019) 
[32m[INFO ][m [35m[2024-10-24T13:54:09,140] [background-preinit] [Version][m HV000001: Hibernate Validator 8.0.1.Final 
[32m[INFO ][m [35m[2024-10-24T13:54:09,174] [main] [InfrastructureApplication][m Starting InfrastructureApplication using Java 21.0.4 with PID 163954 (/home/guilhermehermes/Documentos/GitHub/CleanHeroAPI/infrastructure/target/classes started by guilhermehermes in /home/guilhermehermes/Documentos/GitHub/CleanHeroAPI) 
[32m[INFO ][m [35m[2024-10-24T13:54:09,178] [main] [InfrastructureApplication][m No active profile set, falling back to 1 default profile: "default" 
[32m[INFO ][m [35m[2024-10-24T13:54:09,569] [main] [RepositoryConfigurationDelegate][m Bootstrapping Spring Data MongoDB repositories in DEFAULT mode. 
[32m[INFO ][m [35m[2024-10-24T13:54:09,601] [main] [RepositoryConfigurationDelegate][m Finished Spring Data repository scanning in 29 ms. Found 1 MongoDB repository interface. 
[32m[INFO ][m [35m[2024-10-24T13:54:10,171] [main] [TomcatWebServer][m Tomcat initialized with port 8080 (http) 
[32m[INFO ][m [35m[2024-10-24T13:54:10,183] [main] [Http11NioProtocol][m The ["http-nio-8080"] connector has been configured to support HTTP upgrade to [h2c] 
[32m[INFO ][m [35m[2024-10-24T13:54:10,184] [main] [Http11NioProtocol][m Initializing ProtocolHandler ["http-nio-8080"] 
[32m[INFO ][m [35m[2024-10-24T13:54:10,187] [main] [StandardService][m Starting service [Tomcat] 
[32m[INFO ][m [35m[2024-10-24T13:54:10,188] [main] [StandardEngine][m Starting Servlet engine: [Apache Tomcat/10.1.30] 
[32m[INFO ][m [35m[2024-10-24T13:54:10,229] [main] [[/]][m Initializing Spring embedded WebApplicationContext 
[32m[INFO ][m [35m[2024-10-24T13:54:10,229] [main] [ServletWebServerApplicationContext][m Root WebApplicationContext: initialization completed in 1019 ms 
[32m[INFO ][m [35m[2024-10-24T13:54:10,430] [main] [client][m MongoClient with metadata {"driver": {"name": "mongo-java-driver|sync|spring-boot", "version": "5.0.1"}, "os": {"type": "Linux", "name": "Linux", "architecture": "amd64", "version": "6.9.3-76060903-generic"}, "platform": "Java/Amazon.com Inc./21.0.4+7-LTS"} created with settings MongoClientSettings{readPreference=primary, writeConcern=WriteConcern{w=null, wTimeout=null ms, journal=null}, retryWrites=true, retryReads=true, readConcern=ReadConcern{level=null}, credential=null, transportSettings=null, commandListeners=[], codecRegistry=ProvidersCodecRegistry{codecProviders=[ValueCodecProvider{}, BsonValueCodecProvider{}, DBRefCodecProvider{}, DBObjectCodecProvider{}, DocumentCodecProvider{}, CollectionCodecProvider{}, IterableCodecProvider{}, MapCodecProvider{}, GeoJsonCodecProvider{}, GridFSFileCodecProvider{}, Jsr310CodecProvider{}, JsonObjectCodecProvider{}, BsonCodecProvider{}, EnumCodecProvider{}, com.mongodb.client.model.mql.ExpressionCodecProvider@77896335, com.mongodb.Jep395RecordCodecProvider@5c1b89ac, com.mongodb.KotlinCodecProvider@40a1b6d4]}, loggerSettings=LoggerSettings{maxDocumentLength=1000}, clusterSettings={hosts=[localhost:27017], srvServiceName=mongodb, mode=SINGLE, requiredClusterType=UNKNOWN, requiredReplicaSetName='null', serverSelector='null', clusterListeners='[]', serverSelectionTimeout='30000 ms', localThreshold='15 ms'}, socketSettings=SocketSettings{connectTimeoutMS=10000, readTimeoutMS=0, receiveBufferSize=0, proxySettings=ProxySettings{host=null, port=null, username=null, password=null}}, heartbeatSocketSettings=SocketSettings{connectTimeoutMS=10000, readTimeoutMS=10000, receiveBufferSize=0, proxySettings=ProxySettings{host=null, port=null, username=null, password=null}}, connectionPoolSettings=ConnectionPoolSettings{maxSize=100, minSize=0, maxWaitTimeMS=120000, maxConnectionLifeTimeMS=0, maxConnectionIdleTimeMS=0, maintenanceInitialDelayMS=0, maintenanceFrequencyMS=60000, connectionPoolListeners=[], maxConnecting=2}, serverSettings=ServerSettings{heartbeatFrequencyMS=10000, minHeartbeatFrequencyMS=500, serverListeners='[]', serverMonitorListeners='[]'}, sslSettings=SslSettings{enabled=false, invalidHostNameAllowed=false, context=null}, applicationName='null', compressorList=[], uuidRepresentation=JAVA_LEGACY, serverApi=null, autoEncryptionSettings=null, dnsClient=null, inetAddressResolver=null, contextProvider=null} 
[32m[INFO ][m [35m[2024-10-24T13:54:10,437] [cluster-ClusterId{value='671a7bb2242e016d5950268e', description='null'}-localhost:27017] [cluster][m Monitor thread successfully connected to server with description ServerDescription{address=localhost:27017, type=STANDALONE, state=CONNECTED, ok=true, minWireVersion=0, maxWireVersion=21, maxDocumentSize=16777216, logicalSessionTimeoutMinutes=30, roundTripTimeNanos=18599435} 
[32m[INFO ][m [35m[2024-10-24T13:54:11,202] [main] [Http11NioProtocol][m Starting ProtocolHandler ["http-nio-8080"] 
[32m[INFO ][m [35m[2024-10-24T13:54:11,213] [main] [TomcatWebServer][m Tomcat started on port 8080 (http) with context path '/' 
[32m[INFO ][m [35m[2024-10-24T13:54:11,220] [main] [InfrastructureApplication][m Started InfrastructureApplication in 2.385 seconds (process running for 4.362) 
[32m[INFO ][m [35m[2024-10-24T13:54:30,584] [http-nio-8080-exec-2] [[/]][m Initializing Spring DispatcherServlet 'dispatcherServlet' 
[32m[INFO ][m [35m[2024-10-24T13:54:30,584] [http-nio-8080-exec-2] [DispatcherServlet][m Initializing Servlet 'dispatcherServlet' 
[32m[INFO ][m [35m[2024-10-24T13:54:30,586] [http-nio-8080-exec-2] [DispatcherServlet][m Completed initialization in 0 ms 
[32m[INFO ][m [35m[2024-10-24T14:30:33,702] [background-preinit] [Version][m HV000001: Hibernate Validator 8.0.1.Final 
[32m[INFO ][m [35m[2024-10-24T14:30:33,739] [main] [InfrastructureApplication][m Starting InfrastructureApplication using Java 21.0.4 with PID 173924 (/home/guilhermehermes/Documentos/GitHub/CleanHeroAPI/infrastructure/target/classes started by guilhermehermes in /home/guilhermehermes/Documentos/GitHub/CleanHeroAPI) 
[32m[INFO ][m [35m[2024-10-24T14:30:33,744] [main] [InfrastructureApplication][m No active profile set, falling back to 1 default profile: "default" 
[32m[INFO ][m [35m[2024-10-24T14:30:34,125] [main] [RepositoryConfigurationDelegate][m Bootstrapping Spring Data MongoDB repositories in DEFAULT mode. 
[32m[INFO ][m [35m[2024-10-24T14:30:34,159] [main] [RepositoryConfigurationDelegate][m Finished Spring Data repository scanning in 29 ms. Found 1 MongoDB repository interface. 
[32m[INFO ][m [35m[2024-10-24T14:30:34,710] [main] [TomcatWebServer][m Tomcat initialized with port 8080 (http) 
[32m[INFO ][m [35m[2024-10-24T14:30:34,721] [main] [Http11NioProtocol][m The ["http-nio-8080"] connector has been configured to support HTTP upgrade to [h2c] 
[32m[INFO ][m [35m[2024-10-24T14:30:34,721] [main] [Http11NioProtocol][m Initializing ProtocolHandler ["http-nio-8080"] 
[32m[INFO ][m [35m[2024-10-24T14:30:34,724] [main] [StandardService][m Starting service [Tomcat] 
[32m[INFO ][m [35m[2024-10-24T14:30:34,725] [main] [StandardEngine][m Starting Servlet engine: [Apache Tomcat/10.1.30] 
[32m[INFO ][m [35m[2024-10-24T14:30:34,761] [main] [[/]][m Initializing Spring embedded WebApplicationContext 
[32m[INFO ][m [35m[2024-10-24T14:30:34,761] [main] [ServletWebServerApplicationContext][m Root WebApplicationContext: initialization completed in 978 ms 
[32m[INFO ][m [35m[2024-10-24T14:30:34,947] [main] [client][m MongoClient with metadata {"driver": {"name": "mongo-java-driver|sync|spring-boot", "version": "5.0.1"}, "os": {"type": "Linux", "name": "Linux", "architecture": "amd64", "version": "6.9.3-76060903-generic"}, "platform": "Java/Amazon.com Inc./21.0.4+7-LTS"} created with settings MongoClientSettings{readPreference=primary, writeConcern=WriteConcern{w=null, wTimeout=null ms, journal=null}, retryWrites=true, retryReads=true, readConcern=ReadConcern{level=null}, credential=null, transportSettings=null, commandListeners=[], codecRegistry=ProvidersCodecRegistry{codecProviders=[ValueCodecProvider{}, BsonValueCodecProvider{}, DBRefCodecProvider{}, DBObjectCodecProvider{}, DocumentCodecProvider{}, CollectionCodecProvider{}, IterableCodecProvider{}, MapCodecProvider{}, GeoJsonCodecProvider{}, GridFSFileCodecProvider{}, Jsr310CodecProvider{}, JsonObjectCodecProvider{}, BsonCodecProvider{}, EnumCodecProvider{}, com.mongodb.client.model.mql.ExpressionCodecProvider@5d14e99e, com.mongodb.Jep395RecordCodecProvider@38cfecf3, com.mongodb.KotlinCodecProvider@682618e5]}, loggerSettings=LoggerSettings{maxDocumentLength=1000}, clusterSettings={hosts=[localhost:27017], srvServiceName=mongodb, mode=SINGLE, requiredClusterType=UNKNOWN, requiredReplicaSetName='null', serverSelector='null', clusterListeners='[]', serverSelectionTimeout='30000 ms', localThreshold='15 ms'}, socketSettings=SocketSettings{connectTimeoutMS=10000, readTimeoutMS=0, receiveBufferSize=0, proxySettings=ProxySettings{host=null, port=null, username=null, password=null}}, heartbeatSocketSettings=SocketSettings{connectTimeoutMS=10000, readTimeoutMS=10000, receiveBufferSize=0, proxySettings=ProxySettings{host=null, port=null, username=null, password=null}}, connectionPoolSettings=ConnectionPoolSettings{maxSize=100, minSize=0, maxWaitTimeMS=120000, maxConnectionLifeTimeMS=0, maxConnectionIdleTimeMS=0, maintenanceInitialDelayMS=0, maintenanceFrequencyMS=60000, connectionPoolListeners=[], maxConnecting=2}, serverSettings=ServerSettings{heartbeatFrequencyMS=10000, minHeartbeatFrequencyMS=500, serverListeners='[]', serverMonitorListeners='[]'}, sslSettings=SslSettings{enabled=false, invalidHostNameAllowed=false, context=null}, applicationName='null', compressorList=[], uuidRepresentation=JAVA_LEGACY, serverApi=null, autoEncryptionSettings=null, dnsClient=null, inetAddressResolver=null, contextProvider=null} 
[32m[INFO ][m [35m[2024-10-24T14:30:34,959] [cluster-ClusterId{value='671a843ab8419964c3f9d25b', description='null'}-localhost:27017] [cluster][m Monitor thread successfully connected to server with description ServerDescription{address=localhost:27017, type=STANDALONE, state=CONNECTED, ok=true, minWireVersion=0, maxWireVersion=21, maxDocumentSize=16777216, logicalSessionTimeoutMinutes=30, roundTripTimeNanos=18031006} 
[33m[WARN ][m [35m[2024-10-24T14:30:35,256] [main] [AnnotationConfigServletWebServerApplicationContext][m Exception encountered during context initialization - cancelling refresh attempt: org.springframework.beans.factory.UnsatisfiedDependencyException: Error creating bean with name 'createHeroController' defined in file [/home/guilhermehermes/Documentos/GitHub/CleanHeroAPI/infrastructure/target/classes/com/guilhermehermes/infrastructure/adapter/in/web/CreateHeroController.class]: Unsatisfied dependency expressed through constructor parameter 0: No qualifying bean of type 'br.com.gubee.interview.application.hero.useCases.CreateHeroUseCase' available: expected at least 1 bean which qualifies as autowire candidate. Dependency annotations: {} 
[32m[INFO ][m [35m[2024-10-24T14:30:35,314] [main] [StandardService][m Stopping service [Tomcat] 
[32m[INFO ][m [35m[2024-10-24T14:30:35,324] [main] [ConditionEvaluationReportLogger][m 

Error starting ApplicationContext. To display the condition evaluation report re-run your application with 'debug' enabled. 
[1;31m[ERROR][m [35m[2024-10-24T14:30:35,341] [main] [LoggingFailureAnalysisReporter][m 

***************************
APPLICATION FAILED TO START
***************************

Description:

Parameter 0 of constructor in com.guilhermehermes.infrastructure.adapter.in.web.CreateHeroController required a bean of type 'br.com.gubee.interview.application.hero.useCases.CreateHeroUseCase' that could not be found.


Action:

Consider defining a bean of type 'br.com.gubee.interview.application.hero.useCases.CreateHeroUseCase' in your configuration.
 
[32m[INFO ][m [35m[2024-10-24T14:31:59,711] [background-preinit] [Version][m HV000001: Hibernate Validator 8.0.1.Final 
[32m[INFO ][m [35m[2024-10-24T14:31:59,749] [main] [InfrastructureApplication][m Starting InfrastructureApplication using Java 21.0.4 with PID 174369 (/home/guilhermehermes/Documentos/GitHub/CleanHeroAPI/infrastructure/target/classes started by guilhermehermes in /home/guilhermehermes/Documentos/GitHub/CleanHeroAPI) 
[32m[INFO ][m [35m[2024-10-24T14:31:59,753] [main] [InfrastructureApplication][m No active profile set, falling back to 1 default profile: "default" 
[32m[INFO ][m [35m[2024-10-24T14:32:00,116] [main] [RepositoryConfigurationDelegate][m Bootstrapping Spring Data MongoDB repositories in DEFAULT mode. 
[32m[INFO ][m [35m[2024-10-24T14:32:00,149] [main] [RepositoryConfigurationDelegate][m Finished Spring Data repository scanning in 29 ms. Found 1 MongoDB repository interface. 
[32m[INFO ][m [35m[2024-10-24T14:32:00,683] [main] [TomcatWebServer][m Tomcat initialized with port 8080 (http) 
[32m[INFO ][m [35m[2024-10-24T14:32:00,693] [main] [Http11NioProtocol][m The ["http-nio-8080"] connector has been configured to support HTTP upgrade to [h2c] 
[32m[INFO ][m [35m[2024-10-24T14:32:00,693] [main] [Http11NioProtocol][m Initializing ProtocolHandler ["http-nio-8080"] 
[32m[INFO ][m [35m[2024-10-24T14:32:00,697] [main] [StandardService][m Starting service [Tomcat] 
[32m[INFO ][m [35m[2024-10-24T14:32:00,697] [main] [StandardEngine][m Starting Servlet engine: [Apache Tomcat/10.1.30] 
[32m[INFO ][m [35m[2024-10-24T14:32:00,732] [main] [[/]][m Initializing Spring embedded WebApplicationContext 
[32m[INFO ][m [35m[2024-10-24T14:32:00,733] [main] [ServletWebServerApplicationContext][m Root WebApplicationContext: initialization completed in 941 ms 
[32m[INFO ][m [35m[2024-10-24T14:32:00,914] [main] [client][m MongoClient with metadata {"driver": {"name": "mongo-java-driver|sync|spring-boot", "version": "5.0.1"}, "os": {"type": "Linux", "name": "Linux", "architecture": "amd64", "version": "6.9.3-76060903-generic"}, "platform": "Java/Amazon.com Inc./21.0.4+7-LTS"} created with settings MongoClientSettings{readPreference=primary, writeConcern=WriteConcern{w=null, wTimeout=null ms, journal=null}, retryWrites=true, retryReads=true, readConcern=ReadConcern{level=null}, credential=null, transportSettings=null, commandListeners=[], codecRegistry=ProvidersCodecRegistry{codecProviders=[ValueCodecProvider{}, BsonValueCodecProvider{}, DBRefCodecProvider{}, DBObjectCodecProvider{}, DocumentCodecProvider{}, CollectionCodecProvider{}, IterableCodecProvider{}, MapCodecProvider{}, GeoJsonCodecProvider{}, GridFSFileCodecProvider{}, Jsr310CodecProvider{}, JsonObjectCodecProvider{}, BsonCodecProvider{}, EnumCodecProvider{}, com.mongodb.client.model.mql.ExpressionCodecProvider@103c97ff, com.mongodb.Jep395RecordCodecProvider@7d25913, com.mongodb.KotlinCodecProvider@c14e5a5]}, loggerSettings=LoggerSettings{maxDocumentLength=1000}, clusterSettings={hosts=[localhost:27017], srvServiceName=mongodb, mode=SINGLE, requiredClusterType=UNKNOWN, requiredReplicaSetName='null', serverSelector='null', clusterListeners='[]', serverSelectionTimeout='30000 ms', localThreshold='15 ms'}, socketSettings=SocketSettings{connectTimeoutMS=10000, readTimeoutMS=0, receiveBufferSize=0, proxySettings=ProxySettings{host=null, port=null, username=null, password=null}}, heartbeatSocketSettings=SocketSettings{connectTimeoutMS=10000, readTimeoutMS=10000, receiveBufferSize=0, proxySettings=ProxySettings{host=null, port=null, username=null, password=null}}, connectionPoolSettings=ConnectionPoolSettings{maxSize=100, minSize=0, maxWaitTimeMS=120000, maxConnectionLifeTimeMS=0, maxConnectionIdleTimeMS=0, maintenanceInitialDelayMS=0, maintenanceFrequencyMS=60000, connectionPoolListeners=[], maxConnecting=2}, serverSettings=ServerSettings{heartbeatFrequencyMS=10000, minHeartbeatFrequencyMS=500, serverListeners='[]', serverMonitorListeners='[]'}, sslSettings=SslSettings{enabled=false, invalidHostNameAllowed=false, context=null}, applicationName='null', compressorList=[], uuidRepresentation=JAVA_LEGACY, serverApi=null, autoEncryptionSettings=null, dnsClient=null, inetAddressResolver=null, contextProvider=null} 
[32m[INFO ][m [35m[2024-10-24T14:32:00,927] [cluster-ClusterId{value='671a84904d143e6831df4cae', description='null'}-localhost:27017] [cluster][m Monitor thread successfully connected to server with description ServerDescription{address=localhost:27017, type=STANDALONE, state=CONNECTED, ok=true, minWireVersion=0, maxWireVersion=21, maxDocumentSize=16777216, logicalSessionTimeoutMinutes=30, roundTripTimeNanos=19887709} 
[32m[INFO ][m [35m[2024-10-24T14:32:01,695] [main] [Http11NioProtocol][m Starting ProtocolHandler ["http-nio-8080"] 
[32m[INFO ][m [35m[2024-10-24T14:32:01,706] [main] [TomcatWebServer][m Tomcat started on port 8080 (http) with context path '/' 
[32m[INFO ][m [35m[2024-10-24T14:32:01,713] [main] [InfrastructureApplication][m Started InfrastructureApplication in 2.222 seconds (process running for 4.016) 
[32m[INFO ][m [35m[2024-10-24T14:32:09,806] [http-nio-8080-exec-2] [[/]][m Initializing Spring DispatcherServlet 'dispatcherServlet' 
[32m[INFO ][m [35m[2024-10-24T14:32:09,807] [http-nio-8080-exec-2] [DispatcherServlet][m Initializing Servlet 'dispatcherServlet' 
[32m[INFO ][m [35m[2024-10-24T14:32:09,808] [http-nio-8080-exec-2] [DispatcherServlet][m Completed initialization in 1 ms 
[32m[INFO ][m [35m[2024-10-24T14:34:29,425] [background-preinit] [Version][m HV000001: Hibernate Validator 8.0.1.Final 
[32m[INFO ][m [35m[2024-10-24T14:34:29,472] [main] [InfrastructureApplication][m Starting InfrastructureApplication using Java 21.0.4 with PID 176547 (/home/guilhermehermes/Documentos/GitHub/CleanHeroAPI/infrastructure/target/classes started by guilhermehermes in /home/guilhermehermes/Documentos/GitHub/CleanHeroAPI) 
[32m[INFO ][m [35m[2024-10-24T14:34:29,477] [main] [InfrastructureApplication][m No active profile set, falling back to 1 default profile: "default" 
[32m[INFO ][m [35m[2024-10-24T14:34:29,879] [main] [RepositoryConfigurationDelegate][m Bootstrapping Spring Data MongoDB repositories in DEFAULT mode. 
[32m[INFO ][m [35m[2024-10-24T14:34:29,918] [main] [RepositoryConfigurationDelegate][m Finished Spring Data repository scanning in 35 ms. Found 1 MongoDB repository interface. 
[32m[INFO ][m [35m[2024-10-24T14:34:30,519] [main] [TomcatWebServer][m Tomcat initialized with port 8080 (http) 
[32m[INFO ][m [35m[2024-10-24T14:34:30,532] [main] [Http11NioProtocol][m The ["http-nio-8080"] connector has been configured to support HTTP upgrade to [h2c] 
[32m[INFO ][m [35m[2024-10-24T14:34:30,532] [main] [Http11NioProtocol][m Initializing ProtocolHandler ["http-nio-8080"] 
[32m[INFO ][m [35m[2024-10-24T14:34:30,537] [main] [StandardService][m Starting service [Tomcat] 
[32m[INFO ][m [35m[2024-10-24T14:34:30,537] [main] [StandardEngine][m Starting Servlet engine: [Apache Tomcat/10.1.30] 
[32m[INFO ][m [35m[2024-10-24T14:34:30,580] [main] [[/]][m Initializing Spring embedded WebApplicationContext 
[32m[INFO ][m [35m[2024-10-24T14:34:30,581] [main] [ServletWebServerApplicationContext][m Root WebApplicationContext: initialization completed in 1059 ms 
[32m[INFO ][m [35m[2024-10-24T14:34:30,810] [main] [client][m MongoClient with metadata {"driver": {"name": "mongo-java-driver|sync|spring-boot", "version": "5.0.1"}, "os": {"type": "Linux", "name": "Linux", "architecture": "amd64", "version": "6.9.3-76060903-generic"}, "platform": "Java/Amazon.com Inc./21.0.4+7-LTS"} created with settings MongoClientSettings{readPreference=primary, writeConcern=WriteConcern{w=null, wTimeout=null ms, journal=null}, retryWrites=true, retryReads=true, readConcern=ReadConcern{level=null}, credential=null, transportSettings=null, commandListeners=[], codecRegistry=ProvidersCodecRegistry{codecProviders=[ValueCodecProvider{}, BsonValueCodecProvider{}, DBRefCodecProvider{}, DBObjectCodecProvider{}, DocumentCodecProvider{}, CollectionCodecProvider{}, IterableCodecProvider{}, MapCodecProvider{}, GeoJsonCodecProvider{}, GridFSFileCodecProvider{}, Jsr310CodecProvider{}, JsonObjectCodecProvider{}, BsonCodecProvider{}, EnumCodecProvider{}, com.mongodb.client.model.mql.ExpressionCodecProvider@5d14e99e, com.mongodb.Jep395RecordCodecProvider@38cfecf3, com.mongodb.KotlinCodecProvider@682618e5]}, loggerSettings=LoggerSettings{maxDocumentLength=1000}, clusterSettings={hosts=[localhost:27017], srvServiceName=mongodb, mode=SINGLE, requiredClusterType=UNKNOWN, requiredReplicaSetName='null', serverSelector='null', clusterListeners='[]', serverSelectionTimeout='30000 ms', localThreshold='15 ms'}, socketSettings=SocketSettings{connectTimeoutMS=10000, readTimeoutMS=0, receiveBufferSize=0, proxySettings=ProxySettings{host=null, port=null, username=null, password=null}}, heartbeatSocketSettings=SocketSettings{connectTimeoutMS=10000, readTimeoutMS=10000, receiveBufferSize=0, proxySettings=ProxySettings{host=null, port=null, username=null, password=null}}, connectionPoolSettings=ConnectionPoolSettings{maxSize=100, minSize=0, maxWaitTimeMS=120000, maxConnectionLifeTimeMS=0, maxConnectionIdleTimeMS=0, maintenanceInitialDelayMS=0, maintenanceFrequencyMS=60000, connectionPoolListeners=[], maxConnecting=2}, serverSettings=ServerSettings{heartbeatFrequencyMS=10000, minHeartbeatFrequencyMS=500, serverListeners='[]', serverMonitorListeners='[]'}, sslSettings=SslSettings{enabled=false, invalidHostNameAllowed=false, context=null}, applicationName='null', compressorList=[], uuidRepresentation=JAVA_LEGACY, serverApi=null, autoEncryptionSettings=null, dnsClient=null, inetAddressResolver=null, contextProvider=null} 
[32m[INFO ][m [35m[2024-10-24T14:34:30,821] [cluster-ClusterId{value='671a852614eb312ff04eb897', description='null'}-localhost:27017] [cluster][m Monitor thread successfully connected to server with description ServerDescription{address=localhost:27017, type=STANDALONE, state=CONNECTED, ok=true, minWireVersion=0, maxWireVersion=21, maxDocumentSize=16777216, logicalSessionTimeoutMinutes=30, roundTripTimeNanos=18836619} 
[32m[INFO ][m [35m[2024-10-24T14:34:31,634] [main] [Http11NioProtocol][m Starting ProtocolHandler ["http-nio-8080"] 
[32m[INFO ][m [35m[2024-10-24T14:34:31,647] [main] [TomcatWebServer][m Tomcat started on port 8080 (http) with context path '/' 
[32m[INFO ][m [35m[2024-10-24T14:34:31,654] [main] [InfrastructureApplication][m Started InfrastructureApplication in 2.498 seconds (process running for 6.479) 
[32m[INFO ][m [35m[2024-10-24T14:34:31,924] [http-nio-8080-exec-1] [[/]][m Initializing Spring DispatcherServlet 'dispatcherServlet' 
[32m[INFO ][m [35m[2024-10-24T14:34:31,924] [http-nio-8080-exec-1] [DispatcherServlet][m Initializing Servlet 'dispatcherServlet' 
[32m[INFO ][m [35m[2024-10-24T14:34:31,926] [http-nio-8080-exec-1] [DispatcherServlet][m Completed initialization in 1 ms 
